{"/Users/per-arnejohansson/Documents/dev/companion/src/core/di/Container.ts": {"path":"/Users/per-arnejohansson/Documents/dev/companion/src/core/di/Container.ts","statementMap":{"0":{"start":{"line":5,"column":41},"end":{"line":5,"column":50}},"1":{"start":{"line":6,"column":51},"end":{"line":6,"column":60}},"2":{"start":{"line":11,"column":8},"end":{"line":13,"column":9}},"3":{"start":{"line":12,"column":12},"end":{"line":12,"column":49}},"4":{"start":{"line":14,"column":8},"end":{"line":14,"column":34}},"5":{"start":{"line":18,"column":8},"end":{"line":18,"column":41}},"6":{"start":{"line":22,"column":8},"end":{"line":22,"column":41}},"7":{"start":{"line":26,"column":8},"end":{"line":28,"column":9}},"8":{"start":{"line":27,"column":12},"end":{"line":27,"column":42}},"9":{"start":{"line":30,"column":8},"end":{"line":37,"column":9}},"10":{"start":{"line":31,"column":28},"end":{"line":31,"column":51}},"11":{"start":{"line":32,"column":29},"end":{"line":32,"column":43}},"12":{"start":{"line":35,"column":12},"end":{"line":35,"column":45}},"13":{"start":{"line":36,"column":12},"end":{"line":36,"column":28}},"14":{"start":{"line":39,"column":8},"end":{"line":39,"column":53}},"15":{"start":{"line":43,"column":8},"end":{"line":43,"column":30}},"16":{"start":{"line":44,"column":8},"end":{"line":44,"column":31}}},"fnMap":{"0":{"name":"(anonymous_0)","decl":{"start":{"line":8,"column":4},"end":{"line":8,"column":5}},"loc":{"start":{"line":8,"column":26},"end":{"line":8,"column":29}},"line":8},"1":{"name":"(anonymous_1)","decl":{"start":{"line":10,"column":4},"end":{"line":10,"column":5}},"loc":{"start":{"line":10,"column":43},"end":{"line":15,"column":5}},"line":10},"2":{"name":"(anonymous_2)","decl":{"start":{"line":17,"column":4},"end":{"line":17,"column":5}},"loc":{"start":{"line":17,"column":55},"end":{"line":19,"column":5}},"line":17},"3":{"name":"(anonymous_3)","decl":{"start":{"line":21,"column":4},"end":{"line":21,"column":5}},"loc":{"start":{"line":21,"column":70},"end":{"line":23,"column":5}},"line":21},"4":{"name":"(anonymous_4)","decl":{"start":{"line":25,"column":4},"end":{"line":25,"column":5}},"loc":{"start":{"line":25,"column":38},"end":{"line":40,"column":5}},"line":25},"5":{"name":"(anonymous_5)","decl":{"start":{"line":42,"column":4},"end":{"line":42,"column":5}},"loc":{"start":{"line":42,"column":25},"end":{"line":45,"column":5}},"line":42}},"branchMap":{"0":{"loc":{"start":{"line":11,"column":8},"end":{"line":13,"column":9}},"type":"if","locations":[{"start":{"line":11,"column":8},"end":{"line":13,"column":9}},{"start":{},"end":{}}],"line":11},"1":{"loc":{"start":{"line":26,"column":8},"end":{"line":28,"column":9}},"type":"if","locations":[{"start":{"line":26,"column":8},"end":{"line":28,"column":9}},{"start":{},"end":{}}],"line":26},"2":{"loc":{"start":{"line":30,"column":8},"end":{"line":37,"column":9}},"type":"if","locations":[{"start":{"line":30,"column":8},"end":{"line":37,"column":9}},{"start":{},"end":{}}],"line":30}},"s":{"0":0,"1":0,"2":0,"3":0,"4":0,"5":0,"6":0,"7":0,"8":0,"9":0,"10":0,"11":0,"12":0,"13":0,"14":0,"15":0,"16":0},"f":{"0":0,"1":0,"2":0,"3":0,"4":0,"5":0},"b":{"0":[0,0],"1":[0,0],"2":[0,0]}}
,"/Users/per-arnejohansson/Documents/dev/companion/src/core/entities/Document.ts": {"path":"/Users/per-arnejohansson/Documents/dev/companion/src/core/entities/Document.ts","statementMap":{"0":{"start":{"line":21,"column":8},"end":{"line":21,"column":47}},"1":{"start":{"line":22,"column":8},"end":{"line":22,"column":33}},"2":{"start":{"line":23,"column":8},"end":{"line":23,"column":53}},"3":{"start":{"line":24,"column":8},"end":{"line":24,"column":39}},"4":{"start":{"line":25,"column":8},"end":{"line":25,"column":43}},"5":{"start":{"line":26,"column":8},"end":{"line":26,"column":43}},"6":{"start":{"line":27,"column":8},"end":{"line":27,"column":37}},"7":{"start":{"line":31,"column":8},"end":{"line":31,"column":31}},"8":{"start":{"line":32,"column":8},"end":{"line":32,"column":44}},"9":{"start":{"line":32,"column":21},"end":{"line":32,"column":44}},"10":{"start":{"line":33,"column":8},"end":{"line":33,"column":31}}},"fnMap":{"0":{"name":"(anonymous_0)","decl":{"start":{"line":20,"column":4},"end":{"line":20,"column":5}},"loc":{"start":{"line":20,"column":87},"end":{"line":28,"column":5}},"line":20},"1":{"name":"(anonymous_1)","decl":{"start":{"line":30,"column":4},"end":{"line":30,"column":5}},"loc":{"start":{"line":30,"column":53},"end":{"line":34,"column":5}},"line":30}},"branchMap":{"0":{"loc":{"start":{"line":23,"column":28},"end":{"line":23,"column":52}},"type":"binary-expr","locations":[{"start":{"line":23,"column":28},"end":{"line":23,"column":46}},{"start":{"line":23,"column":50},"end":{"line":23,"column":52}}],"line":23},"1":{"loc":{"start":{"line":25,"column":23},"end":{"line":25,"column":42}},"type":"binary-expr","locations":[{"start":{"line":25,"column":23},"end":{"line":25,"column":36}},{"start":{"line":25,"column":40},"end":{"line":25,"column":42}}],"line":25},"2":{"loc":{"start":{"line":26,"column":23},"end":{"line":26,"column":42}},"type":"binary-expr","locations":[{"start":{"line":26,"column":23},"end":{"line":26,"column":36}},{"start":{"line":26,"column":40},"end":{"line":26,"column":42}}],"line":26},"3":{"loc":{"start":{"line":27,"column":20},"end":{"line":27,"column":36}},"type":"binary-expr","locations":[{"start":{"line":27,"column":20},"end":{"line":27,"column":30}},{"start":{"line":27,"column":34},"end":{"line":27,"column":36}}],"line":27},"4":{"loc":{"start":{"line":32,"column":8},"end":{"line":32,"column":44}},"type":"if","locations":[{"start":{"line":32,"column":8},"end":{"line":32,"column":44}},{"start":{},"end":{}}],"line":32}},"s":{"0":2,"1":2,"2":2,"3":2,"4":2,"5":2,"6":2,"7":0,"8":0,"9":0,"10":0},"f":{"0":2,"1":0},"b":{"0":[2,2],"1":[2,0],"2":[2,2],"3":[2,2],"4":[0,0]},"_coverageSchema":"1a1c01bbd47fc00a2c39e90264f33305004495a9","hash":"8b984c1977b5d457f23ab9d84b020697b3b35236"}
,"/Users/per-arnejohansson/Documents/dev/companion/src/core/entities/Password.ts": {"path":"/Users/per-arnejohansson/Documents/dev/companion/src/core/entities/Password.ts","statementMap":{"0":{"start":{"line":21,"column":8},"end":{"line":21,"column":47}},"1":{"start":{"line":22,"column":8},"end":{"line":22,"column":33}},"2":{"start":{"line":23,"column":8},"end":{"line":23,"column":39}},"3":{"start":{"line":24,"column":8},"end":{"line":24,"column":39}},"4":{"start":{"line":25,"column":8},"end":{"line":25,"column":45}},"5":{"start":{"line":26,"column":8},"end":{"line":26,"column":41}},"6":{"start":{"line":27,"column":8},"end":{"line":27,"column":47}}},"fnMap":{"0":{"name":"(anonymous_0)","decl":{"start":{"line":20,"column":4},"end":{"line":20,"column":5}},"loc":{"start":{"line":20,"column":87},"end":{"line":28,"column":5}},"line":20}},"branchMap":{"0":{"loc":{"start":{"line":25,"column":23},"end":{"line":25,"column":44}},"type":"binary-expr","locations":[{"start":{"line":25,"column":23},"end":{"line":25,"column":36}},{"start":{"line":25,"column":40},"end":{"line":25,"column":44}}],"line":25},"1":{"loc":{"start":{"line":26,"column":21},"end":{"line":26,"column":40}},"type":"binary-expr","locations":[{"start":{"line":26,"column":21},"end":{"line":26,"column":32}},{"start":{"line":26,"column":36},"end":{"line":26,"column":40}}],"line":26},"2":{"loc":{"start":{"line":27,"column":24},"end":{"line":27,"column":46}},"type":"binary-expr","locations":[{"start":{"line":27,"column":24},"end":{"line":27,"column":38}},{"start":{"line":27,"column":42},"end":{"line":27,"column":46}}],"line":27}},"s":{"0":0,"1":0,"2":0,"3":0,"4":0,"5":0,"6":0},"f":{"0":0},"b":{"0":[0,0],"1":[0,0],"2":[0,0]}}
,"/Users/per-arnejohansson/Documents/dev/companion/src/core/entities/base/Entity.ts": {"path":"/Users/per-arnejohansson/Documents/dev/companion/src/core/entities/base/Entity.ts","statementMap":{"0":{"start":{"line":7,"column":8},"end":{"line":7,"column":44}},"1":{"start":{"line":8,"column":8},"end":{"line":8,"column":49}},"2":{"start":{"line":9,"column":8},"end":{"line":9,"column":49}},"3":{"start":{"line":10,"column":8},"end":{"line":10,"column":35}},"4":{"start":{"line":14,"column":8},"end":{"line":19,"column":10}},"5":{"start":{"line":23,"column":8},"end":{"line":23,"column":36}}},"fnMap":{"0":{"name":"(anonymous_0)","decl":{"start":{"line":6,"column":4},"end":{"line":6,"column":5}},"loc":{"start":{"line":6,"column":75},"end":{"line":11,"column":5}},"line":6},"1":{"name":"(anonymous_1)","decl":{"start":{"line":13,"column":4},"end":{"line":13,"column":5}},"loc":{"start":{"line":13,"column":28},"end":{"line":20,"column":5}},"line":13},"2":{"name":"(anonymous_2)","decl":{"start":{"line":21,"column":4},"end":{"line":21,"column":5}},"loc":{"start":{"line":21,"column":29},"end":{"line":24,"column":5}},"line":21}},"branchMap":{"0":{"loc":{"start":{"line":7,"column":18},"end":{"line":7,"column":43}},"type":"binary-expr","locations":[{"start":{"line":7,"column":18},"end":{"line":7,"column":20}},{"start":{"line":7,"column":24},"end":{"line":7,"column":43}}],"line":7},"1":{"loc":{"start":{"line":8,"column":25},"end":{"line":8,"column":48}},"type":"binary-expr","locations":[{"start":{"line":8,"column":25},"end":{"line":8,"column":34}},{"start":{"line":8,"column":38},"end":{"line":8,"column":48}}],"line":8},"2":{"loc":{"start":{"line":9,"column":25},"end":{"line":9,"column":48}},"type":"binary-expr","locations":[{"start":{"line":9,"column":25},"end":{"line":9,"column":34}},{"start":{"line":9,"column":38},"end":{"line":9,"column":48}}],"line":9}},"s":{"0":2,"1":2,"2":2,"3":2,"4":0,"5":0},"f":{"0":2,"1":0,"2":0},"b":{"0":[2,2],"1":[2,2],"2":[2,2]},"_coverageSchema":"1a1c01bbd47fc00a2c39e90264f33305004495a9","hash":"6eec257d1fa06e68ce8e1edc523e49e5231da942"}
,"/Users/per-arnejohansson/Documents/dev/companion/src/core/repositories/DocumentRepository.ts": {"path":"/Users/per-arnejohansson/Documents/dev/companion/src/core/repositories/DocumentRepository.ts","statementMap":{"0":{"start":{"line":11,"column":35},"end":{"line":11,"column":61}},"1":{"start":{"line":12,"column":39},"end":{"line":12,"column":43}},"2":{"start":{"line":17,"column":8},"end":{"line":17,"column":42}},"3":{"start":{"line":17,"column":24},"end":{"line":17,"column":42}},"4":{"start":{"line":19,"column":8},"end":{"line":35,"column":9}},"5":{"start":{"line":20,"column":25},"end":{"line":20,"column":81}},"6":{"start":{"line":21,"column":12},"end":{"line":24,"column":13}},"7":{"start":{"line":22,"column":16},"end":{"line":22,"column":32}},"8":{"start":{"line":23,"column":16},"end":{"line":23,"column":26}},"9":{"start":{"line":25,"column":28},"end":{"line":25,"column":73}},"10":{"start":{"line":26,"column":28},"end":{"line":26,"column":65}},"11":{"start":{"line":27,"column":12},"end":{"line":30,"column":15}},"12":{"start":{"line":28,"column":62},"end":{"line":28,"column":67}},"13":{"start":{"line":29,"column":16},"end":{"line":29,"column":88}},"14":{"start":{"line":31,"column":12},"end":{"line":31,"column":30}},"15":{"start":{"line":33,"column":12},"end":{"line":33,"column":68}},"16":{"start":{"line":34,"column":12},"end":{"line":34,"column":24}},"17":{"start":{"line":39,"column":8},"end":{"line":51,"column":9}},"18":{"start":{"line":40,"column":28},"end":{"line":40,"column":53}},"19":{"start":{"line":41,"column":25},"end":{"line":41,"column":81}},"20":{"start":{"line":42,"column":12},"end":{"line":46,"column":13}},"21":{"start":{"line":43,"column":16},"end":{"line":43,"column":69}},"22":{"start":{"line":45,"column":16},"end":{"line":45,"column":78}},"23":{"start":{"line":47,"column":12},"end":{"line":47,"column":35}},"24":{"start":{"line":49,"column":12},"end":{"line":49,"column":68}},"25":{"start":{"line":50,"column":12},"end":{"line":50,"column":24}},"26":{"start":{"line":55,"column":20},"end":{"line":55,"column":45}},"27":{"start":{"line":56,"column":8},"end":{"line":56,"column":50}},"28":{"start":{"line":56,"column":29},"end":{"line":56,"column":40}},"29":{"start":{"line":60,"column":20},"end":{"line":60,"column":45}},"30":{"start":{"line":61,"column":22},"end":{"line":61,"column":60}},"31":{"start":{"line":61,"column":41},"end":{"line":61,"column":59}},"32":{"start":{"line":62,"column":8},"end":{"line":66,"column":9}},"33":{"start":{"line":63,"column":12},"end":{"line":63,"column":32}},"34":{"start":{"line":65,"column":12},"end":{"line":65,"column":29}},"35":{"start":{"line":67,"column":8},"end":{"line":67,"column":37}},"36":{"start":{"line":71,"column":18},"end":{"line":71,"column":43}},"37":{"start":{"line":72,"column":8},"end":{"line":72,"column":43}},"38":{"start":{"line":72,"column":30},"end":{"line":72,"column":41}},"39":{"start":{"line":73,"column":8},"end":{"line":73,"column":37}},"40":{"start":{"line":77,"column":8},"end":{"line":77,"column":35}},"41":{"start":{"line":81,"column":20},"end":{"line":81,"column":40}},"42":{"start":{"line":82,"column":23},"end":{"line":82,"column":42}},"43":{"start":{"line":83,"column":8},"end":{"line":87,"column":10}},"44":{"start":{"line":84,"column":12},"end":{"line":86,"column":62}},"45":{"start":{"line":86,"column":29},"end":{"line":86,"column":61}}},"fnMap":{"0":{"name":"(anonymous_0)","decl":{"start":{"line":14,"column":4},"end":{"line":14,"column":5}},"loc":{"start":{"line":14,"column":58},"end":{"line":14,"column":61}},"line":14},"1":{"name":"(anonymous_1)","decl":{"start":{"line":16,"column":4},"end":{"line":16,"column":5}},"loc":{"start":{"line":16,"column":54},"end":{"line":36,"column":5}},"line":16},"2":{"name":"(anonymous_2)","decl":{"start":{"line":27,"column":37},"end":{"line":27,"column":38}},"loc":{"start":{"line":27,"column":53},"end":{"line":30,"column":13}},"line":27},"3":{"name":"(anonymous_3)","decl":{"start":{"line":38,"column":4},"end":{"line":38,"column":5}},"loc":{"start":{"line":38,"column":69},"end":{"line":52,"column":5}},"line":38},"4":{"name":"(anonymous_4)","decl":{"start":{"line":54,"column":4},"end":{"line":54,"column":5}},"loc":{"start":{"line":54,"column":57},"end":{"line":57,"column":5}},"line":54},"5":{"name":"(anonymous_5)","decl":{"start":{"line":56,"column":24},"end":{"line":56,"column":25}},"loc":{"start":{"line":56,"column":29},"end":{"line":56,"column":40}},"line":56},"6":{"name":"(anonymous_6)","decl":{"start":{"line":59,"column":4},"end":{"line":59,"column":5}},"loc":{"start":{"line":59,"column":48},"end":{"line":68,"column":5}},"line":59},"7":{"name":"(anonymous_7)","decl":{"start":{"line":61,"column":36},"end":{"line":61,"column":37}},"loc":{"start":{"line":61,"column":41},"end":{"line":61,"column":59}},"line":61},"8":{"name":"(anonymous_8)","decl":{"start":{"line":70,"column":4},"end":{"line":70,"column":5}},"loc":{"start":{"line":70,"column":44},"end":{"line":74,"column":5}},"line":70},"9":{"name":"(anonymous_9)","decl":{"start":{"line":72,"column":25},"end":{"line":72,"column":26}},"loc":{"start":{"line":72,"column":30},"end":{"line":72,"column":41}},"line":72},"10":{"name":"(anonymous_10)","decl":{"start":{"line":76,"column":4},"end":{"line":76,"column":5}},"loc":{"start":{"line":76,"column":41},"end":{"line":78,"column":5}},"line":76},"11":{"name":"(anonymous_11)","decl":{"start":{"line":80,"column":4},"end":{"line":80,"column":5}},"loc":{"start":{"line":80,"column":53},"end":{"line":88,"column":5}},"line":80},"12":{"name":"(anonymous_12)","decl":{"start":{"line":83,"column":26},"end":{"line":83,"column":27}},"loc":{"start":{"line":84,"column":12},"end":{"line":86,"column":62}},"line":84},"13":{"name":"(anonymous_13)","decl":{"start":{"line":86,"column":24},"end":{"line":86,"column":25}},"loc":{"start":{"line":86,"column":29},"end":{"line":86,"column":61}},"line":86}},"branchMap":{"0":{"loc":{"start":{"line":17,"column":8},"end":{"line":17,"column":42}},"type":"if","locations":[{"start":{"line":17,"column":8},"end":{"line":17,"column":42}},{"start":{},"end":{}}],"line":17},"1":{"loc":{"start":{"line":21,"column":12},"end":{"line":24,"column":13}},"type":"if","locations":[{"start":{"line":21,"column":12},"end":{"line":24,"column":13}},{"start":{},"end":{}}],"line":21},"2":{"loc":{"start":{"line":26,"column":28},"end":{"line":26,"column":65}},"type":"cond-expr","locations":[{"start":{"line":26,"column":53},"end":{"line":26,"column":60}},{"start":{"line":26,"column":63},"end":{"line":26,"column":65}}],"line":26},"3":{"loc":{"start":{"line":42,"column":12},"end":{"line":46,"column":13}},"type":"if","locations":[{"start":{"line":42,"column":12},"end":{"line":46,"column":13}},{"start":{"line":44,"column":19},"end":{"line":46,"column":13}}],"line":42},"4":{"loc":{"start":{"line":56,"column":15},"end":{"line":56,"column":49}},"type":"binary-expr","locations":[{"start":{"line":56,"column":15},"end":{"line":56,"column":41}},{"start":{"line":56,"column":45},"end":{"line":56,"column":49}}],"line":56},"5":{"loc":{"start":{"line":62,"column":8},"end":{"line":66,"column":9}},"type":"if","locations":[{"start":{"line":62,"column":8},"end":{"line":66,"column":9}},{"start":{"line":64,"column":15},"end":{"line":66,"column":9}}],"line":62},"6":{"loc":{"start":{"line":84,"column":12},"end":{"line":86,"column":62}},"type":"binary-expr","locations":[{"start":{"line":84,"column":12},"end":{"line":84,"column":50}},{"start":{"line":85,"column":12},"end":{"line":85,"column":52}},{"start":{"line":86,"column":12},"end":{"line":86,"column":62}}],"line":84}},"s":{"0":0,"1":0,"2":0,"3":0,"4":0,"5":0,"6":0,"7":0,"8":0,"9":0,"10":0,"11":0,"12":0,"13":0,"14":0,"15":0,"16":0,"17":0,"18":0,"19":0,"20":0,"21":0,"22":0,"23":0,"24":0,"25":0,"26":0,"27":0,"28":0,"29":0,"30":0,"31":0,"32":0,"33":0,"34":0,"35":0,"36":0,"37":0,"38":0,"39":0,"40":0,"41":0,"42":0,"43":0,"44":0,"45":0},"f":{"0":0,"1":0,"2":0,"3":0,"4":0,"5":0,"6":0,"7":0,"8":0,"9":0,"10":0,"11":0,"12":0,"13":0},"b":{"0":[0,0],"1":[0,0],"2":[0,0],"3":[0,0],"4":[0,0],"5":[0,0],"6":[0,0,0]}}
,"/Users/per-arnejohansson/Documents/dev/companion/src/core/repositories/PasswordRepository.ts": {"path":"/Users/per-arnejohansson/Documents/dev/companion/src/core/repositories/PasswordRepository.ts","statementMap":{"0":{"start":{"line":11,"column":35},"end":{"line":11,"column":61}},"1":{"start":{"line":12,"column":39},"end":{"line":12,"column":43}},"2":{"start":{"line":17,"column":8},"end":{"line":17,"column":42}},"3":{"start":{"line":17,"column":24},"end":{"line":17,"column":42}},"4":{"start":{"line":19,"column":8},"end":{"line":39,"column":9}},"5":{"start":{"line":20,"column":25},"end":{"line":20,"column":81}},"6":{"start":{"line":21,"column":12},"end":{"line":24,"column":13}},"7":{"start":{"line":22,"column":16},"end":{"line":22,"column":32}},"8":{"start":{"line":23,"column":16},"end":{"line":23,"column":26}},"9":{"start":{"line":25,"column":28},"end":{"line":25,"column":73}},"10":{"start":{"line":28,"column":28},"end":{"line":28,"column":65}},"11":{"start":{"line":29,"column":12},"end":{"line":32,"column":15}},"12":{"start":{"line":30,"column":62},"end":{"line":30,"column":67}},"13":{"start":{"line":31,"column":16},"end":{"line":31,"column":88}},"14":{"start":{"line":33,"column":12},"end":{"line":33,"column":30}},"15":{"start":{"line":35,"column":12},"end":{"line":35,"column":68}},"16":{"start":{"line":38,"column":12},"end":{"line":38,"column":24}},"17":{"start":{"line":43,"column":8},"end":{"line":55,"column":9}},"18":{"start":{"line":44,"column":28},"end":{"line":44,"column":53}},"19":{"start":{"line":45,"column":25},"end":{"line":45,"column":81}},"20":{"start":{"line":46,"column":12},"end":{"line":50,"column":13}},"21":{"start":{"line":47,"column":16},"end":{"line":47,"column":69}},"22":{"start":{"line":49,"column":16},"end":{"line":49,"column":78}},"23":{"start":{"line":51,"column":12},"end":{"line":51,"column":35}},"24":{"start":{"line":53,"column":12},"end":{"line":53,"column":68}},"25":{"start":{"line":54,"column":12},"end":{"line":54,"column":24}},"26":{"start":{"line":59,"column":20},"end":{"line":59,"column":45}},"27":{"start":{"line":60,"column":8},"end":{"line":60,"column":50}},"28":{"start":{"line":60,"column":29},"end":{"line":60,"column":40}},"29":{"start":{"line":64,"column":20},"end":{"line":64,"column":45}},"30":{"start":{"line":65,"column":22},"end":{"line":65,"column":60}},"31":{"start":{"line":65,"column":41},"end":{"line":65,"column":59}},"32":{"start":{"line":66,"column":8},"end":{"line":70,"column":9}},"33":{"start":{"line":67,"column":12},"end":{"line":67,"column":32}},"34":{"start":{"line":69,"column":12},"end":{"line":69,"column":29}},"35":{"start":{"line":71,"column":8},"end":{"line":71,"column":37}},"36":{"start":{"line":75,"column":18},"end":{"line":75,"column":43}},"37":{"start":{"line":76,"column":8},"end":{"line":76,"column":43}},"38":{"start":{"line":76,"column":30},"end":{"line":76,"column":41}},"39":{"start":{"line":77,"column":8},"end":{"line":77,"column":37}},"40":{"start":{"line":81,"column":8},"end":{"line":81,"column":35}},"41":{"start":{"line":85,"column":20},"end":{"line":85,"column":40}},"42":{"start":{"line":86,"column":8},"end":{"line":86,"column":56}},"43":{"start":{"line":86,"column":31},"end":{"line":86,"column":54}}},"fnMap":{"0":{"name":"(anonymous_0)","decl":{"start":{"line":14,"column":4},"end":{"line":14,"column":5}},"loc":{"start":{"line":14,"column":58},"end":{"line":14,"column":61}},"line":14},"1":{"name":"(anonymous_1)","decl":{"start":{"line":16,"column":4},"end":{"line":16,"column":5}},"loc":{"start":{"line":16,"column":54},"end":{"line":40,"column":5}},"line":16},"2":{"name":"(anonymous_2)","decl":{"start":{"line":29,"column":37},"end":{"line":29,"column":38}},"loc":{"start":{"line":29,"column":53},"end":{"line":32,"column":13}},"line":29},"3":{"name":"(anonymous_3)","decl":{"start":{"line":42,"column":4},"end":{"line":42,"column":5}},"loc":{"start":{"line":42,"column":69},"end":{"line":56,"column":5}},"line":42},"4":{"name":"(anonymous_4)","decl":{"start":{"line":58,"column":4},"end":{"line":58,"column":5}},"loc":{"start":{"line":58,"column":57},"end":{"line":61,"column":5}},"line":58},"5":{"name":"(anonymous_5)","decl":{"start":{"line":60,"column":24},"end":{"line":60,"column":25}},"loc":{"start":{"line":60,"column":29},"end":{"line":60,"column":40}},"line":60},"6":{"name":"(anonymous_6)","decl":{"start":{"line":63,"column":4},"end":{"line":63,"column":5}},"loc":{"start":{"line":63,"column":48},"end":{"line":72,"column":5}},"line":63},"7":{"name":"(anonymous_7)","decl":{"start":{"line":65,"column":36},"end":{"line":65,"column":37}},"loc":{"start":{"line":65,"column":41},"end":{"line":65,"column":59}},"line":65},"8":{"name":"(anonymous_8)","decl":{"start":{"line":74,"column":4},"end":{"line":74,"column":5}},"loc":{"start":{"line":74,"column":44},"end":{"line":78,"column":5}},"line":74},"9":{"name":"(anonymous_9)","decl":{"start":{"line":76,"column":25},"end":{"line":76,"column":26}},"loc":{"start":{"line":76,"column":30},"end":{"line":76,"column":41}},"line":76},"10":{"name":"(anonymous_10)","decl":{"start":{"line":80,"column":4},"end":{"line":80,"column":5}},"loc":{"start":{"line":80,"column":41},"end":{"line":82,"column":5}},"line":80},"11":{"name":"(anonymous_11)","decl":{"start":{"line":84,"column":4},"end":{"line":84,"column":5}},"loc":{"start":{"line":84,"column":64},"end":{"line":87,"column":5}},"line":84},"12":{"name":"(anonymous_12)","decl":{"start":{"line":86,"column":26},"end":{"line":86,"column":27}},"loc":{"start":{"line":86,"column":31},"end":{"line":86,"column":54}},"line":86}},"branchMap":{"0":{"loc":{"start":{"line":17,"column":8},"end":{"line":17,"column":42}},"type":"if","locations":[{"start":{"line":17,"column":8},"end":{"line":17,"column":42}},{"start":{},"end":{}}],"line":17},"1":{"loc":{"start":{"line":21,"column":12},"end":{"line":24,"column":13}},"type":"if","locations":[{"start":{"line":21,"column":12},"end":{"line":24,"column":13}},{"start":{},"end":{}}],"line":21},"2":{"loc":{"start":{"line":28,"column":28},"end":{"line":28,"column":65}},"type":"cond-expr","locations":[{"start":{"line":28,"column":53},"end":{"line":28,"column":60}},{"start":{"line":28,"column":63},"end":{"line":28,"column":65}}],"line":28},"3":{"loc":{"start":{"line":46,"column":12},"end":{"line":50,"column":13}},"type":"if","locations":[{"start":{"line":46,"column":12},"end":{"line":50,"column":13}},{"start":{"line":48,"column":19},"end":{"line":50,"column":13}}],"line":46},"4":{"loc":{"start":{"line":60,"column":15},"end":{"line":60,"column":49}},"type":"binary-expr","locations":[{"start":{"line":60,"column":15},"end":{"line":60,"column":41}},{"start":{"line":60,"column":45},"end":{"line":60,"column":49}}],"line":60},"5":{"loc":{"start":{"line":66,"column":8},"end":{"line":70,"column":9}},"type":"if","locations":[{"start":{"line":66,"column":8},"end":{"line":70,"column":9}},{"start":{"line":68,"column":15},"end":{"line":70,"column":9}}],"line":66}},"s":{"0":0,"1":0,"2":0,"3":0,"4":0,"5":0,"6":0,"7":0,"8":0,"9":0,"10":0,"11":0,"12":0,"13":0,"14":0,"15":0,"16":0,"17":0,"18":0,"19":0,"20":0,"21":0,"22":0,"23":0,"24":0,"25":0,"26":0,"27":0,"28":0,"29":0,"30":0,"31":0,"32":0,"33":0,"34":0,"35":0,"36":0,"37":0,"38":0,"39":0,"40":0,"41":0,"42":0,"43":0},"f":{"0":0,"1":0,"2":0,"3":0,"4":0,"5":0,"6":0,"7":0,"8":0,"9":0,"10":0,"11":0,"12":0},"b":{"0":[0,0],"1":[0,0],"2":[0,0],"3":[0,0],"4":[0,0],"5":[0,0]}}
,"/Users/per-arnejohansson/Documents/dev/companion/src/core/repositories/base/Repository.ts": {"path":"/Users/per-arnejohansson/Documents/dev/companion/src/core/repositories/base/Repository.ts","statementMap":{},"fnMap":{},"branchMap":{},"s":{},"f":{},"b":{}}
,"/Users/per-arnejohansson/Documents/dev/companion/src/core/services/ai/GeminiChatService.ts": {"path":"/Users/per-arnejohansson/Documents/dev/companion/src/core/services/ai/GeminiChatService.ts","statementMap":{"0":{"start":{"line":12,"column":31},"end":{"line":12,"column":121}},"1":{"start":{"line":20,"column":8},"end":{"line":33,"column":9}},"2":{"start":{"line":21,"column":12},"end":{"line":23,"column":14}},"3":{"start":{"line":25,"column":26},"end":{"line":25,"column":65}},"4":{"start":{"line":26,"column":12},"end":{"line":28,"column":13}},"5":{"start":{"line":27,"column":16},"end":{"line":27,"column":86}},"6":{"start":{"line":29,"column":12},"end":{"line":32,"column":14}},"7":{"start":{"line":37,"column":8},"end":{"line":41,"column":9}},"8":{"start":{"line":38,"column":24},"end":{"line":38,"column":60}},"9":{"start":{"line":39,"column":12},"end":{"line":39,"column":67}},"10":{"start":{"line":39,"column":22},"end":{"line":39,"column":67}},"11":{"start":{"line":40,"column":12},"end":{"line":40,"column":48}},"12":{"start":{"line":42,"column":8},"end":{"line":42,"column":28}},"13":{"start":{"line":46,"column":8},"end":{"line":94,"column":9}},"14":{"start":{"line":47,"column":28},"end":{"line":47,"column":51}},"15":{"start":{"line":48,"column":24},"end":{"line":48,"column":43}},"16":{"start":{"line":50,"column":29},"end":{"line":50,"column":31}},"17":{"start":{"line":56,"column":12},"end":{"line":61,"column":13}},"18":{"start":{"line":64,"column":37},"end":{"line":67,"column":15}},"19":{"start":{"line":64,"column":57},"end":{"line":67,"column":13}},"20":{"start":{"line":70,"column":35},"end":{"line":73,"column":13}},"21":{"start":{"line":75,"column":28},"end":{"line":80,"column":13}},"22":{"start":{"line":82,"column":29},"end":{"line":82,"column":72}},"23":{"start":{"line":84,"column":25},"end":{"line":84,"column":82}},"24":{"start":{"line":85,"column":12},"end":{"line":87,"column":13}},"25":{"start":{"line":86,"column":16},"end":{"line":86,"column":59}},"26":{"start":{"line":89,"column":12},"end":{"line":89,"column":24}},"27":{"start":{"line":92,"column":12},"end":{"line":92,"column":54}},"28":{"start":{"line":93,"column":12},"end":{"line":93,"column":24}},"29":{"start":{"line":98,"column":8},"end":{"line":98,"column":90}}},"fnMap":{"0":{"name":"(anonymous_0)","decl":{"start":{"line":14,"column":4},"end":{"line":14,"column":5}},"loc":{"start":{"line":17,"column":6},"end":{"line":17,"column":9}},"line":17},"1":{"name":"(anonymous_1)","decl":{"start":{"line":19,"column":4},"end":{"line":19,"column":5}},"loc":{"start":{"line":19,"column":64},"end":{"line":34,"column":5}},"line":19},"2":{"name":"(anonymous_2)","decl":{"start":{"line":36,"column":4},"end":{"line":36,"column":5}},"loc":{"start":{"line":36,"column":44},"end":{"line":43,"column":5}},"line":36},"3":{"name":"(anonymous_3)","decl":{"start":{"line":45,"column":4},"end":{"line":45,"column":5}},"loc":{"start":{"line":45,"column":94},"end":{"line":95,"column":5}},"line":45},"4":{"name":"(anonymous_4)","decl":{"start":{"line":64,"column":49},"end":{"line":64,"column":50}},"loc":{"start":{"line":64,"column":57},"end":{"line":67,"column":13}},"line":64},"5":{"name":"(anonymous_5)","decl":{"start":{"line":97,"column":4},"end":{"line":97,"column":5}},"loc":{"start":{"line":97,"column":51},"end":{"line":99,"column":5}},"line":97}},"branchMap":{"0":{"loc":{"start":{"line":20,"column":8},"end":{"line":33,"column":9}},"type":"if","locations":[{"start":{"line":20,"column":8},"end":{"line":33,"column":9}},{"start":{"line":24,"column":15},"end":{"line":33,"column":9}}],"line":20},"1":{"loc":{"start":{"line":26,"column":12},"end":{"line":28,"column":13}},"type":"if","locations":[{"start":{"line":26,"column":12},"end":{"line":28,"column":13}},{"start":{},"end":{}}],"line":26},"2":{"loc":{"start":{"line":37,"column":8},"end":{"line":41,"column":9}},"type":"if","locations":[{"start":{"line":37,"column":8},"end":{"line":41,"column":9}},{"start":{},"end":{}}],"line":37},"3":{"loc":{"start":{"line":39,"column":12},"end":{"line":39,"column":67}},"type":"if","locations":[{"start":{"line":39,"column":12},"end":{"line":39,"column":67}},{"start":{},"end":{}}],"line":39},"4":{"loc":{"start":{"line":56,"column":12},"end":{"line":61,"column":13}},"type":"if","locations":[{"start":{"line":56,"column":12},"end":{"line":61,"column":13}},{"start":{},"end":{}}],"line":56},"5":{"loc":{"start":{"line":65,"column":22},"end":{"line":65,"column":61}},"type":"cond-expr","locations":[{"start":{"line":65,"column":45},"end":{"line":65,"column":52}},{"start":{"line":65,"column":55},"end":{"line":65,"column":61}}],"line":65},"6":{"loc":{"start":{"line":72,"column":32},"end":{"line":72,"column":109}},"type":"cond-expr","locations":[{"start":{"line":72,"column":42},"end":{"line":72,"column":96}},{"start":{"line":72,"column":99},"end":{"line":72,"column":109}}],"line":72},"7":{"loc":{"start":{"line":85,"column":12},"end":{"line":87,"column":13}},"type":"if","locations":[{"start":{"line":85,"column":12},"end":{"line":87,"column":13}},{"start":{},"end":{}}],"line":85}},"s":{"0":0,"1":0,"2":0,"3":0,"4":0,"5":0,"6":0,"7":0,"8":0,"9":0,"10":0,"11":0,"12":0,"13":0,"14":0,"15":0,"16":0,"17":0,"18":0,"19":0,"20":0,"21":0,"22":0,"23":0,"24":0,"25":0,"26":0,"27":0,"28":0,"29":0},"f":{"0":0,"1":0,"2":0,"3":0,"4":0,"5":0},"b":{"0":[0,0],"1":[0,0],"2":[0,0],"3":[0,0],"4":[0,0],"5":[0,0],"6":[0,0],"7":[0,0]}}
,"/Users/per-arnejohansson/Documents/dev/companion/src/core/services/auth/AuthService.ts": {"path":"/Users/per-arnejohansson/Documents/dev/companion/src/core/services/auth/AuthService.ts","statementMap":{},"fnMap":{},"branchMap":{},"s":{},"f":{},"b":{}}
,"/Users/per-arnejohansson/Documents/dev/companion/src/core/services/auth/GoogleAuthService.ts": {"path":"/Users/per-arnejohansson/Documents/dev/companion/src/core/services/auth/GoogleAuthService.ts","statementMap":{"0":{"start":{"line":8,"column":8},"end":{"line":14,"column":9}},"1":{"start":{"line":9,"column":27},"end":{"line":9,"column":57}},"2":{"start":{"line":10,"column":12},"end":{"line":10,"column":38}},"3":{"start":{"line":12,"column":12},"end":{"line":12,"column":61}},"4":{"start":{"line":13,"column":12},"end":{"line":13,"column":24}},"5":{"start":{"line":18,"column":8},"end":{"line":23,"column":11}},"6":{"start":{"line":27,"column":8},"end":{"line":39,"column":9}},"7":{"start":{"line":28,"column":12},"end":{"line":28,"column":49}},"8":{"start":{"line":29,"column":29},"end":{"line":29,"column":56}},"9":{"start":{"line":31,"column":12},"end":{"line":35,"column":13}},"10":{"start":{"line":32,"column":16},"end":{"line":32,"column":68}},"11":{"start":{"line":34,"column":16},"end":{"line":34,"column":77}},"12":{"start":{"line":37,"column":12},"end":{"line":37,"column":57}},"13":{"start":{"line":38,"column":12},"end":{"line":38,"column":24}},"14":{"start":{"line":43,"column":8},"end":{"line":48,"column":9}},"15":{"start":{"line":44,"column":12},"end":{"line":44,"column":41}},"16":{"start":{"line":46,"column":12},"end":{"line":46,"column":58}},"17":{"start":{"line":47,"column":12},"end":{"line":47,"column":24}},"18":{"start":{"line":52,"column":8},"end":{"line":58,"column":9}},"19":{"start":{"line":53,"column":32},"end":{"line":53,"column":67}},"20":{"start":{"line":54,"column":12},"end":{"line":54,"column":83}},"21":{"start":{"line":56,"column":12},"end":{"line":56,"column":61}},"22":{"start":{"line":57,"column":12},"end":{"line":57,"column":24}},"23":{"start":{"line":62,"column":8},"end":{"line":67,"column":10}}},"fnMap":{"0":{"name":"(anonymous_0)","decl":{"start":{"line":7,"column":4},"end":{"line":7,"column":5}},"loc":{"start":{"line":7,"column":51},"end":{"line":15,"column":5}},"line":7},"1":{"name":"(anonymous_1)","decl":{"start":{"line":17,"column":4},"end":{"line":17,"column":5}},"loc":{"start":{"line":17,"column":18},"end":{"line":24,"column":5}},"line":17},"2":{"name":"(anonymous_2)","decl":{"start":{"line":26,"column":4},"end":{"line":26,"column":5}},"loc":{"start":{"line":26,"column":33},"end":{"line":40,"column":5}},"line":26},"3":{"name":"(anonymous_3)","decl":{"start":{"line":42,"column":4},"end":{"line":42,"column":5}},"loc":{"start":{"line":42,"column":34},"end":{"line":49,"column":5}},"line":42},"4":{"name":"(anonymous_4)","decl":{"start":{"line":51,"column":4},"end":{"line":51,"column":5}},"loc":{"start":{"line":51,"column":49},"end":{"line":59,"column":5}},"line":51},"5":{"name":"(anonymous_5)","decl":{"start":{"line":61,"column":4},"end":{"line":61,"column":5}},"loc":{"start":{"line":61,"column":70},"end":{"line":68,"column":5}},"line":61}},"branchMap":{"0":{"loc":{"start":{"line":31,"column":12},"end":{"line":35,"column":13}},"type":"if","locations":[{"start":{"line":31,"column":12},"end":{"line":35,"column":13}},{"start":{"line":33,"column":19},"end":{"line":35,"column":13}}],"line":31},"1":{"loc":{"start":{"line":54,"column":19},"end":{"line":54,"column":82}},"type":"cond-expr","locations":[{"start":{"line":54,"column":33},"end":{"line":54,"column":75}},{"start":{"line":54,"column":78},"end":{"line":54,"column":82}}],"line":54}},"s":{"0":0,"1":0,"2":0,"3":0,"4":0,"5":0,"6":0,"7":0,"8":0,"9":0,"10":0,"11":0,"12":0,"13":0,"14":0,"15":0,"16":0,"17":0,"18":0,"19":0,"20":0,"21":0,"22":0,"23":0},"f":{"0":0,"1":0,"2":0,"3":0,"4":0,"5":0},"b":{"0":[0,0],"1":[0,0]}}
,"/Users/per-arnejohansson/Documents/dev/companion/src/core/services/encryption/AESEncryptionService.ts": {"path":"/Users/per-arnejohansson/Documents/dev/companion/src/core/services/encryption/AESEncryptionService.ts","statementMap":{"0":{"start":{"line":6,"column":8},"end":{"line":11,"column":9}},"1":{"start":{"line":7,"column":30},"end":{"line":7,"column":72}},"2":{"start":{"line":8,"column":12},"end":{"line":8,"column":46}},"3":{"start":{"line":10,"column":12},"end":{"line":10,"column":41}},"4":{"start":{"line":15,"column":8},"end":{"line":25,"column":9}},"5":{"start":{"line":16,"column":26},"end":{"line":16,"column":66}},"6":{"start":{"line":17,"column":30},"end":{"line":17,"column":63}},"7":{"start":{"line":18,"column":12},"end":{"line":21,"column":13}},"8":{"start":{"line":20,"column":16},"end":{"line":20,"column":81}},"9":{"start":{"line":22,"column":12},"end":{"line":22,"column":46}},"10":{"start":{"line":24,"column":12},"end":{"line":24,"column":41}},"11":{"start":{"line":30,"column":20},"end":{"line":33,"column":10}},"12":{"start":{"line":34,"column":8},"end":{"line":34,"column":47}},"13":{"start":{"line":38,"column":8},"end":{"line":38,"column":65}}},"fnMap":{"0":{"name":"(anonymous_0)","decl":{"start":{"line":5,"column":4},"end":{"line":5,"column":5}},"loc":{"start":{"line":5,"column":62},"end":{"line":12,"column":5}},"line":5},"1":{"name":"(anonymous_1)","decl":{"start":{"line":14,"column":4},"end":{"line":14,"column":5}},"loc":{"start":{"line":14,"column":71},"end":{"line":26,"column":5}},"line":14},"2":{"name":"(anonymous_2)","decl":{"start":{"line":28,"column":4},"end":{"line":28,"column":5}},"loc":{"start":{"line":28,"column":73},"end":{"line":35,"column":5}},"line":28},"3":{"name":"(anonymous_3)","decl":{"start":{"line":37,"column":4},"end":{"line":37,"column":5}},"loc":{"start":{"line":37,"column":32},"end":{"line":39,"column":5}},"line":37}},"branchMap":{"0":{"loc":{"start":{"line":18,"column":12},"end":{"line":21,"column":13}},"type":"if","locations":[{"start":{"line":18,"column":12},"end":{"line":21,"column":13}},{"start":{},"end":{}}],"line":18}},"s":{"0":0,"1":0,"2":0,"3":0,"4":0,"5":0,"6":0,"7":0,"8":0,"9":0,"10":0,"11":0,"12":0,"13":0},"f":{"0":0,"1":0,"2":0,"3":0},"b":{"0":[0,0]}}
,"/Users/per-arnejohansson/Documents/dev/companion/src/core/services/encryption/EncryptionService.ts": {"path":"/Users/per-arnejohansson/Documents/dev/companion/src/core/services/encryption/EncryptionService.ts","statementMap":{},"fnMap":{},"branchMap":{},"s":{},"f":{},"b":{}}
,"/Users/per-arnejohansson/Documents/dev/companion/src/core/services/encryption/KeychainManager.ts": {"path":"/Users/per-arnejohansson/Documents/dev/companion/src/core/services/encryption/KeychainManager.ts","statementMap":{"0":{"start":{"line":5,"column":30},"end":{"line":5,"column":59}},"1":{"start":{"line":8,"column":8},"end":{"line":17,"column":9}},"2":{"start":{"line":9,"column":12},"end":{"line":12,"column":15}},"3":{"start":{"line":13,"column":12},"end":{"line":13,"column":24}},"4":{"start":{"line":15,"column":12},"end":{"line":15,"column":73}},"5":{"start":{"line":16,"column":12},"end":{"line":16,"column":25}},"6":{"start":{"line":21,"column":8},"end":{"line":33,"column":9}},"7":{"start":{"line":22,"column":27},"end":{"line":24,"column":14}},"8":{"start":{"line":25,"column":12},"end":{"line":27,"column":13}},"9":{"start":{"line":26,"column":16},"end":{"line":26,"column":39}},"10":{"start":{"line":28,"column":12},"end":{"line":28,"column":24}},"11":{"start":{"line":30,"column":12},"end":{"line":30,"column":78}},"12":{"start":{"line":32,"column":12},"end":{"line":32,"column":24}},"13":{"start":{"line":37,"column":8},"end":{"line":44,"column":9}},"14":{"start":{"line":38,"column":12},"end":{"line":40,"column":15}},"15":{"start":{"line":42,"column":12},"end":{"line":42,"column":74}},"16":{"start":{"line":43,"column":12},"end":{"line":43,"column":25}},"17":{"start":{"line":47,"column":8},"end":{"line":47,"column":47}},"18":{"start":{"line":51,"column":8},"end":{"line":60,"column":9}},"19":{"start":{"line":52,"column":12},"end":{"line":55,"column":15}},"20":{"start":{"line":56,"column":12},"end":{"line":56,"column":24}},"21":{"start":{"line":58,"column":12},"end":{"line":58,"column":80}},"22":{"start":{"line":59,"column":12},"end":{"line":59,"column":25}},"23":{"start":{"line":64,"column":8},"end":{"line":75,"column":9}},"24":{"start":{"line":65,"column":27},"end":{"line":67,"column":14}},"25":{"start":{"line":68,"column":12},"end":{"line":70,"column":13}},"26":{"start":{"line":69,"column":16},"end":{"line":69,"column":39}},"27":{"start":{"line":71,"column":12},"end":{"line":71,"column":24}},"28":{"start":{"line":73,"column":12},"end":{"line":73,"column":85}},"29":{"start":{"line":74,"column":12},"end":{"line":74,"column":24}},"30":{"start":{"line":79,"column":8},"end":{"line":86,"column":9}},"31":{"start":{"line":80,"column":12},"end":{"line":82,"column":15}},"32":{"start":{"line":84,"column":12},"end":{"line":84,"column":84}},"33":{"start":{"line":85,"column":12},"end":{"line":85,"column":25}}},"fnMap":{"0":{"name":"(anonymous_0)","decl":{"start":{"line":7,"column":4},"end":{"line":7,"column":5}},"loc":{"start":{"line":7,"column":55},"end":{"line":18,"column":5}},"line":7},"1":{"name":"(anonymous_1)","decl":{"start":{"line":20,"column":4},"end":{"line":20,"column":5}},"loc":{"start":{"line":20,"column":49},"end":{"line":34,"column":5}},"line":20},"2":{"name":"(anonymous_2)","decl":{"start":{"line":36,"column":4},"end":{"line":36,"column":5}},"loc":{"start":{"line":36,"column":46},"end":{"line":45,"column":5}},"line":36},"3":{"name":"(anonymous_3)","decl":{"start":{"line":46,"column":4},"end":{"line":46,"column":5}},"loc":{"start":{"line":46,"column":53},"end":{"line":48,"column":5}},"line":46},"4":{"name":"(anonymous_4)","decl":{"start":{"line":50,"column":4},"end":{"line":50,"column":5}},"loc":{"start":{"line":50,"column":86},"end":{"line":61,"column":5}},"line":50},"5":{"name":"(anonymous_5)","decl":{"start":{"line":63,"column":4},"end":{"line":63,"column":5}},"loc":{"start":{"line":63,"column":59},"end":{"line":76,"column":5}},"line":63},"6":{"name":"(anonymous_6)","decl":{"start":{"line":78,"column":4},"end":{"line":78,"column":5}},"loc":{"start":{"line":78,"column":56},"end":{"line":87,"column":5}},"line":78}},"branchMap":{"0":{"loc":{"start":{"line":25,"column":12},"end":{"line":27,"column":13}},"type":"if","locations":[{"start":{"line":25,"column":12},"end":{"line":27,"column":13}},{"start":{},"end":{}}],"line":25},"1":{"loc":{"start":{"line":68,"column":12},"end":{"line":70,"column":13}},"type":"if","locations":[{"start":{"line":68,"column":12},"end":{"line":70,"column":13}},{"start":{},"end":{}}],"line":68}},"s":{"0":0,"1":0,"2":0,"3":0,"4":0,"5":0,"6":0,"7":0,"8":0,"9":0,"10":0,"11":0,"12":0,"13":0,"14":0,"15":0,"16":0,"17":0,"18":0,"19":0,"20":0,"21":0,"22":0,"23":0,"24":0,"25":0,"26":0,"27":0,"28":0,"29":0,"30":0,"31":0,"32":0,"33":0},"f":{"0":0,"1":0,"2":0,"3":0,"4":0,"5":0,"6":0},"b":{"0":[0,0],"1":[0,0]}}
,"/Users/per-arnejohansson/Documents/dev/companion/src/core/services/ocr/GeminiOCRService.ts": {"path":"/Users/per-arnejohansson/Documents/dev/companion/src/core/services/ocr/GeminiOCRService.ts","statementMap":{"0":{"start":{"line":8,"column":31},"end":{"line":8,"column":121}},"1":{"start":{"line":16,"column":8},"end":{"line":44,"column":9}},"2":{"start":{"line":21,"column":12},"end":{"line":23,"column":14}},"3":{"start":{"line":26,"column":26},"end":{"line":26,"column":65}},"4":{"start":{"line":27,"column":12},"end":{"line":29,"column":13}},"5":{"start":{"line":28,"column":16},"end":{"line":28,"column":86}},"6":{"start":{"line":30,"column":12},"end":{"line":43,"column":14}},"7":{"start":{"line":48,"column":8},"end":{"line":52,"column":9}},"8":{"start":{"line":49,"column":24},"end":{"line":49,"column":60}},"9":{"start":{"line":50,"column":12},"end":{"line":50,"column":67}},"10":{"start":{"line":50,"column":22},"end":{"line":50,"column":67}},"11":{"start":{"line":51,"column":12},"end":{"line":51,"column":48}},"12":{"start":{"line":53,"column":8},"end":{"line":53,"column":28}},"13":{"start":{"line":57,"column":8},"end":{"line":97,"column":9}},"14":{"start":{"line":58,"column":28},"end":{"line":58,"column":51}},"15":{"start":{"line":59,"column":24},"end":{"line":59,"column":43}},"16":{"start":{"line":61,"column":27},"end":{"line":66,"column":13}},"17":{"start":{"line":68,"column":28},"end":{"line":80,"column":13}},"18":{"start":{"line":82,"column":29},"end":{"line":82,"column":72}},"19":{"start":{"line":84,"column":25},"end":{"line":84,"column":82}},"20":{"start":{"line":85,"column":12},"end":{"line":87,"column":13}},"21":{"start":{"line":86,"column":16},"end":{"line":86,"column":64}},"22":{"start":{"line":90,"column":30},"end":{"line":90,"column":85}},"23":{"start":{"line":92,"column":12},"end":{"line":92,"column":65}},"24":{"start":{"line":95,"column":12},"end":{"line":95,"column":53}},"25":{"start":{"line":96,"column":12},"end":{"line":96,"column":24}},"26":{"start":{"line":100,"column":8},"end":{"line":129,"column":9}},"27":{"start":{"line":101,"column":28},"end":{"line":101,"column":51}},"28":{"start":{"line":102,"column":24},"end":{"line":102,"column":43}},"29":{"start":{"line":104,"column":27},"end":{"line":104,"column":101}},"30":{"start":{"line":106,"column":28},"end":{"line":118,"column":13}},"31":{"start":{"line":120,"column":29},"end":{"line":120,"column":72}},"32":{"start":{"line":121,"column":25},"end":{"line":121,"column":82}},"33":{"start":{"line":123,"column":12},"end":{"line":123,"column":71}},"34":{"start":{"line":123,"column":23},"end":{"line":123,"column":71}},"35":{"start":{"line":125,"column":12},"end":{"line":125,"column":31}},"36":{"start":{"line":127,"column":12},"end":{"line":127,"column":69}},"37":{"start":{"line":128,"column":12},"end":{"line":128,"column":24}}},"fnMap":{"0":{"name":"(anonymous_0)","decl":{"start":{"line":10,"column":4},"end":{"line":10,"column":5}},"loc":{"start":{"line":13,"column":6},"end":{"line":13,"column":9}},"line":13},"1":{"name":"(anonymous_1)","decl":{"start":{"line":15,"column":4},"end":{"line":15,"column":5}},"loc":{"start":{"line":15,"column":64},"end":{"line":45,"column":5}},"line":15},"2":{"name":"(anonymous_2)","decl":{"start":{"line":47,"column":4},"end":{"line":47,"column":5}},"loc":{"start":{"line":47,"column":44},"end":{"line":54,"column":5}},"line":47},"3":{"name":"(anonymous_3)","decl":{"start":{"line":56,"column":4},"end":{"line":56,"column":5}},"loc":{"start":{"line":56,"column":81},"end":{"line":98,"column":5}},"line":56},"4":{"name":"(anonymous_4)","decl":{"start":{"line":99,"column":4},"end":{"line":99,"column":5}},"loc":{"start":{"line":99,"column":60},"end":{"line":130,"column":5}},"line":99}},"branchMap":{"0":{"loc":{"start":{"line":16,"column":8},"end":{"line":44,"column":9}},"type":"if","locations":[{"start":{"line":16,"column":8},"end":{"line":44,"column":9}},{"start":{"line":24,"column":15},"end":{"line":44,"column":9}}],"line":16},"1":{"loc":{"start":{"line":27,"column":12},"end":{"line":29,"column":13}},"type":"if","locations":[{"start":{"line":27,"column":12},"end":{"line":29,"column":13}},{"start":{},"end":{}}],"line":27},"2":{"loc":{"start":{"line":48,"column":8},"end":{"line":52,"column":9}},"type":"if","locations":[{"start":{"line":48,"column":8},"end":{"line":52,"column":9}},{"start":{},"end":{}}],"line":48},"3":{"loc":{"start":{"line":50,"column":12},"end":{"line":50,"column":67}},"type":"if","locations":[{"start":{"line":50,"column":12},"end":{"line":50,"column":67}},{"start":{},"end":{}}],"line":50},"4":{"loc":{"start":{"line":85,"column":12},"end":{"line":87,"column":13}},"type":"if","locations":[{"start":{"line":85,"column":12},"end":{"line":87,"column":13}},{"start":{},"end":{}}],"line":85},"5":{"loc":{"start":{"line":123,"column":12},"end":{"line":123,"column":71}},"type":"if","locations":[{"start":{"line":123,"column":12},"end":{"line":123,"column":71}},{"start":{},"end":{}}],"line":123}},"s":{"0":0,"1":0,"2":0,"3":0,"4":0,"5":0,"6":0,"7":0,"8":0,"9":0,"10":0,"11":0,"12":0,"13":0,"14":0,"15":0,"16":0,"17":0,"18":0,"19":0,"20":0,"21":0,"22":0,"23":0,"24":0,"25":0,"26":0,"27":0,"28":0,"29":0,"30":0,"31":0,"32":0,"33":0,"34":0,"35":0,"36":0,"37":0},"f":{"0":0,"1":0,"2":0,"3":0,"4":0},"b":{"0":[0,0],"1":[0,0],"2":[0,0],"3":[0,0],"4":[0,0],"5":[0,0]}}
,"/Users/per-arnejohansson/Documents/dev/companion/src/core/services/ocr/OCRService.ts": {"path":"/Users/per-arnejohansson/Documents/dev/companion/src/core/services/ocr/OCRService.ts","statementMap":{},"fnMap":{},"branchMap":{},"s":{},"f":{},"b":{}}
,"/Users/per-arnejohansson/Documents/dev/companion/src/core/services/storage/GoogleDriveService.ts": {"path":"/Users/per-arnejohansson/Documents/dev/companion/src/core/services/storage/GoogleDriveService.ts","statementMap":{"0":{"start":{"line":12,"column":32},"end":{"line":12,"column":75}},"1":{"start":{"line":13,"column":34},"end":{"line":13,"column":84}},"2":{"start":{"line":18,"column":22},"end":{"line":18,"column":61}},"3":{"start":{"line":19,"column":8},"end":{"line":21,"column":9}},"4":{"start":{"line":20,"column":12},"end":{"line":20,"column":57}},"5":{"start":{"line":22,"column":8},"end":{"line":25,"column":10}},"6":{"start":{"line":29,"column":8},"end":{"line":44,"column":9}},"7":{"start":{"line":30,"column":28},"end":{"line":30,"column":51}},"8":{"start":{"line":31,"column":22},"end":{"line":31,"column":80}},"9":{"start":{"line":32,"column":29},"end":{"line":39,"column":14}},"10":{"start":{"line":40,"column":12},"end":{"line":40,"column":45}},"11":{"start":{"line":42,"column":12},"end":{"line":42,"column":58}},"12":{"start":{"line":43,"column":12},"end":{"line":43,"column":24}},"13":{"start":{"line":48,"column":8},"end":{"line":99,"column":9}},"14":{"start":{"line":49,"column":26},"end":{"line":49,"column":65}},"15":{"start":{"line":53,"column":12},"end":{"line":53,"column":52}},"16":{"start":{"line":53,"column":24},"end":{"line":53,"column":52}},"17":{"start":{"line":55,"column":29},"end":{"line":59,"column":13}},"18":{"start":{"line":61,"column":25},"end":{"line":61,"column":39}},"19":{"start":{"line":62,"column":12},"end":{"line":62,"column":104}},"20":{"start":{"line":63,"column":12},"end":{"line":63,"column":73}},"21":{"start":{"line":75,"column":29},"end":{"line":75,"column":42}},"22":{"start":{"line":76,"column":30},"end":{"line":76,"column":53}},"23":{"start":{"line":77,"column":31},"end":{"line":77,"column":52}},"24":{"start":{"line":80,"column":16},"end":{"line":86,"column":26}},"25":{"start":{"line":88,"column":29},"end":{"line":93,"column":14}},"26":{"start":{"line":94,"column":12},"end":{"line":94,"column":33}},"27":{"start":{"line":97,"column":12},"end":{"line":97,"column":59}},"28":{"start":{"line":98,"column":12},"end":{"line":98,"column":24}},"29":{"start":{"line":104,"column":22},"end":{"line":104,"column":93}},"30":{"start":{"line":105,"column":8},"end":{"line":105,"column":50}},"31":{"start":{"line":109,"column":8},"end":{"line":119,"column":9}},"32":{"start":{"line":110,"column":28},"end":{"line":110,"column":51}},"33":{"start":{"line":111,"column":29},"end":{"line":114,"column":14}},"34":{"start":{"line":115,"column":12},"end":{"line":115,"column":33}},"35":{"start":{"line":117,"column":12},"end":{"line":117,"column":61}},"36":{"start":{"line":118,"column":12},"end":{"line":118,"column":24}},"37":{"start":{"line":123,"column":8},"end":{"line":139,"column":9}},"38":{"start":{"line":126,"column":26},"end":{"line":126,"column":65}},"39":{"start":{"line":127,"column":12},"end":{"line":127,"column":52}},"40":{"start":{"line":127,"column":24},"end":{"line":127,"column":52}},"41":{"start":{"line":129,"column":29},"end":{"line":134,"column":14}},"42":{"start":{"line":135,"column":12},"end":{"line":135,"column":33}},"43":{"start":{"line":137,"column":12},"end":{"line":137,"column":59}},"44":{"start":{"line":138,"column":12},"end":{"line":138,"column":24}},"45":{"start":{"line":143,"column":8},"end":{"line":149,"column":9}},"46":{"start":{"line":144,"column":28},"end":{"line":144,"column":51}},"47":{"start":{"line":145,"column":12},"end":{"line":145,"column":74}},"48":{"start":{"line":147,"column":12},"end":{"line":147,"column":59}},"49":{"start":{"line":148,"column":12},"end":{"line":148,"column":24}}},"fnMap":{"0":{"name":"(anonymous_0)","decl":{"start":{"line":15,"column":4},"end":{"line":15,"column":5}},"loc":{"start":{"line":15,"column":51},"end":{"line":15,"column":54}},"line":15},"1":{"name":"(anonymous_1)","decl":{"start":{"line":17,"column":4},"end":{"line":17,"column":5}},"loc":{"start":{"line":17,"column":31},"end":{"line":26,"column":5}},"line":17},"2":{"name":"(anonymous_2)","decl":{"start":{"line":28,"column":4},"end":{"line":28,"column":5}},"loc":{"start":{"line":28,"column":58},"end":{"line":45,"column":5}},"line":28},"3":{"name":"(anonymous_3)","decl":{"start":{"line":47,"column":4},"end":{"line":47,"column":5}},"loc":{"start":{"line":47,"column":111},"end":{"line":100,"column":5}},"line":47},"4":{"name":"(anonymous_4)","decl":{"start":{"line":103,"column":4},"end":{"line":103,"column":5}},"loc":{"start":{"line":103,"column":66},"end":{"line":106,"column":5}},"line":103},"5":{"name":"(anonymous_5)","decl":{"start":{"line":108,"column":4},"end":{"line":108,"column":5}},"loc":{"start":{"line":108,"column":53},"end":{"line":120,"column":5}},"line":108},"6":{"name":"(anonymous_6)","decl":{"start":{"line":122,"column":4},"end":{"line":122,"column":5}},"loc":{"start":{"line":122,"column":113},"end":{"line":140,"column":5}},"line":122},"7":{"name":"(anonymous_7)","decl":{"start":{"line":142,"column":4},"end":{"line":142,"column":5}},"loc":{"start":{"line":142,"column":52},"end":{"line":150,"column":5}},"line":142}},"branchMap":{"0":{"loc":{"start":{"line":19,"column":8},"end":{"line":21,"column":9}},"type":"if","locations":[{"start":{"line":19,"column":8},"end":{"line":21,"column":9}},{"start":{},"end":{}}],"line":19},"1":{"loc":{"start":{"line":31,"column":22},"end":{"line":31,"column":80}},"type":"cond-expr","locations":[{"start":{"line":31,"column":30},"end":{"line":31,"column":60}},{"start":{"line":31,"column":63},"end":{"line":31,"column":80}}],"line":31},"2":{"loc":{"start":{"line":40,"column":19},"end":{"line":40,"column":44}},"type":"binary-expr","locations":[{"start":{"line":40,"column":19},"end":{"line":40,"column":38}},{"start":{"line":40,"column":42},"end":{"line":40,"column":44}}],"line":40},"3":{"loc":{"start":{"line":47,"column":52},"end":{"line":47,"column":89}},"type":"default-arg","locations":[{"start":{"line":47,"column":71},"end":{"line":47,"column":89}}],"line":47},"4":{"loc":{"start":{"line":53,"column":12},"end":{"line":53,"column":52}},"type":"if","locations":[{"start":{"line":53,"column":12},"end":{"line":53,"column":52}},{"start":{},"end":{}}],"line":53},"5":{"loc":{"start":{"line":105,"column":15},"end":{"line":105,"column":49}},"type":"cond-expr","locations":[{"start":{"line":105,"column":34},"end":{"line":105,"column":42}},{"start":{"line":105,"column":45},"end":{"line":105,"column":49}}],"line":105},"6":{"loc":{"start":{"line":122,"column":54},"end":{"line":122,"column":91}},"type":"default-arg","locations":[{"start":{"line":122,"column":73},"end":{"line":122,"column":91}}],"line":122},"7":{"loc":{"start":{"line":127,"column":12},"end":{"line":127,"column":52}},"type":"if","locations":[{"start":{"line":127,"column":12},"end":{"line":127,"column":52}},{"start":{},"end":{}}],"line":127}},"s":{"0":0,"1":0,"2":0,"3":0,"4":0,"5":0,"6":0,"7":0,"8":0,"9":0,"10":0,"11":0,"12":0,"13":0,"14":0,"15":0,"16":0,"17":0,"18":0,"19":0,"20":0,"21":0,"22":0,"23":0,"24":0,"25":0,"26":0,"27":0,"28":0,"29":0,"30":0,"31":0,"32":0,"33":0,"34":0,"35":0,"36":0,"37":0,"38":0,"39":0,"40":0,"41":0,"42":0,"43":0,"44":0,"45":0,"46":0,"47":0,"48":0,"49":0},"f":{"0":0,"1":0,"2":0,"3":0,"4":0,"5":0,"6":0,"7":0},"b":{"0":[0,0],"1":[0,0],"2":[0,0],"3":[0],"4":[0,0],"5":[0,0],"6":[0],"7":[0,0]}}
,"/Users/per-arnejohansson/Documents/dev/companion/src/core/use-cases/document/DocumentUseCases.ts": {"path":"/Users/per-arnejohansson/Documents/dev/companion/src/core/use-cases/document/DocumentUseCases.ts","statementMap":{"0":{"start":{"line":13,"column":22},"end":{"line":13,"column":38}},"1":{"start":{"line":15,"column":8},"end":{"line":17,"column":9}},"2":{"start":{"line":16,"column":12},"end":{"line":16,"column":75}},"3":{"start":{"line":19,"column":20},"end":{"line":24,"column":10}},"4":{"start":{"line":29,"column":8},"end":{"line":29,"column":40}},"5":{"start":{"line":30,"column":8},"end":{"line":30,"column":19}},"6":{"start":{"line":41,"column":20},"end":{"line":41,"column":62}},"7":{"start":{"line":42,"column":8},"end":{"line":42,"column":56}},"8":{"start":{"line":42,"column":18},"end":{"line":42,"column":56}},"9":{"start":{"line":45,"column":8},"end":{"line":45,"column":68}}},"fnMap":{"0":{"name":"(anonymous_0)","decl":{"start":{"line":7,"column":4},"end":{"line":7,"column":5}},"loc":{"start":{"line":10,"column":6},"end":{"line":10,"column":9}},"line":10},"1":{"name":"(anonymous_1)","decl":{"start":{"line":12,"column":4},"end":{"line":12,"column":5}},"loc":{"start":{"line":12,"column":117},"end":{"line":31,"column":5}},"line":12},"2":{"name":"(anonymous_2)","decl":{"start":{"line":35,"column":4},"end":{"line":35,"column":5}},"loc":{"start":{"line":38,"column":6},"end":{"line":38,"column":9}},"line":38},"3":{"name":"(anonymous_3)","decl":{"start":{"line":40,"column":4},"end":{"line":40,"column":5}},"loc":{"start":{"line":40,"column":88},"end":{"line":46,"column":5}},"line":40}},"branchMap":{"0":{"loc":{"start":{"line":13,"column":22},"end":{"line":13,"column":38}},"type":"binary-expr","locations":[{"start":{"line":13,"column":22},"end":{"line":13,"column":32}},{"start":{"line":13,"column":36},"end":{"line":13,"column":38}}],"line":13},"1":{"loc":{"start":{"line":15,"column":8},"end":{"line":17,"column":9}},"type":"if","locations":[{"start":{"line":15,"column":8},"end":{"line":17,"column":9}},{"start":{},"end":{}}],"line":15},"2":{"loc":{"start":{"line":15,"column":12},"end":{"line":15,"column":41}},"type":"binary-expr","locations":[{"start":{"line":15,"column":12},"end":{"line":15,"column":29}},{"start":{"line":15,"column":33},"end":{"line":15,"column":41}}],"line":15},"3":{"loc":{"start":{"line":21,"column":22},"end":{"line":21,"column":69}},"type":"cond-expr","locations":[{"start":{"line":21,"column":42},"end":{"line":21,"column":54}},{"start":{"line":21,"column":57},"end":{"line":21,"column":69}}],"line":21},"4":{"loc":{"start":{"line":42,"column":8},"end":{"line":42,"column":56}},"type":"if","locations":[{"start":{"line":42,"column":8},"end":{"line":42,"column":56}},{"start":{},"end":{}}],"line":42}},"s":{"0":2,"1":2,"2":1,"3":2,"4":2,"5":2,"6":0,"7":0,"8":0,"9":0},"f":{"0":2,"1":2,"2":0,"3":0},"b":{"0":[2,1],"1":[1,1],"2":[2,1],"3":[1,1],"4":[0,0]},"_coverageSchema":"1a1c01bbd47fc00a2c39e90264f33305004495a9","hash":"101f3650096257686fc486ba844f87f34b9355d4"}
,"/Users/per-arnejohansson/Documents/dev/companion/src/core/use-cases/password/PasswordUseCases.ts": {"path":"/Users/per-arnejohansson/Documents/dev/companion/src/core/use-cases/password/PasswordUseCases.ts","statementMap":{"0":{"start":{"line":13,"column":34},"end":{"line":13,"column":97}},"1":{"start":{"line":14,"column":34},"end":{"line":14,"column":97}},"2":{"start":{"line":15,"column":31},"end":{"line":15,"column":112}},"3":{"start":{"line":17,"column":28},"end":{"line":22,"column":10}},"4":{"start":{"line":24,"column":8},"end":{"line":24,"column":48}},"5":{"start":{"line":25,"column":8},"end":{"line":25,"column":27}},"6":{"start":{"line":36,"column":26},"end":{"line":36,"column":57}},"7":{"start":{"line":43,"column":8},"end":{"line":72,"column":12}},"8":{"start":{"line":44,"column":12},"end":{"line":71,"column":13}},"9":{"start":{"line":45,"column":33},"end":{"line":45,"column":92}},"10":{"start":{"line":46,"column":33},"end":{"line":46,"column":92}},"11":{"start":{"line":47,"column":30},"end":{"line":47,"column":103}},"12":{"start":{"line":49,"column":16},"end":{"line":62,"column":25}},"13":{"start":{"line":66,"column":16},"end":{"line":66,"column":70}},"14":{"start":{"line":67,"column":16},"end":{"line":70,"column":25}}},"fnMap":{"0":{"name":"(anonymous_0)","decl":{"start":{"line":6,"column":4},"end":{"line":6,"column":5}},"loc":{"start":{"line":9,"column":6},"end":{"line":9,"column":9}},"line":9},"1":{"name":"(anonymous_1)","decl":{"start":{"line":11,"column":4},"end":{"line":11,"column":5}},"loc":{"start":{"line":11,"column":78},"end":{"line":26,"column":5}},"line":11},"2":{"name":"(anonymous_2)","decl":{"start":{"line":30,"column":4},"end":{"line":30,"column":5}},"loc":{"start":{"line":33,"column":6},"end":{"line":33,"column":9}},"line":33},"3":{"name":"(anonymous_3)","decl":{"start":{"line":35,"column":4},"end":{"line":35,"column":5}},"loc":{"start":{"line":35,"column":63},"end":{"line":73,"column":5}},"line":35},"4":{"name":"(anonymous_4)","decl":{"start":{"line":43,"column":41},"end":{"line":43,"column":42}},"loc":{"start":{"line":43,"column":54},"end":{"line":72,"column":9}},"line":43}},"branchMap":{"0":{"loc":{"start":{"line":15,"column":31},"end":{"line":15,"column":112}},"type":"cond-expr","locations":[{"start":{"line":15,"column":45},"end":{"line":15,"column":105}},{"start":{"line":15,"column":108},"end":{"line":15,"column":112}}],"line":15},"1":{"loc":{"start":{"line":47,"column":30},"end":{"line":47,"column":103}},"type":"cond-expr","locations":[{"start":{"line":47,"column":40},"end":{"line":47,"column":96}},{"start":{"line":47,"column":99},"end":{"line":47,"column":103}}],"line":47}},"s":{"0":0,"1":0,"2":0,"3":0,"4":0,"5":0,"6":0,"7":0,"8":0,"9":0,"10":0,"11":0,"12":0,"13":0,"14":0},"f":{"0":0,"1":0,"2":0,"3":0,"4":0},"b":{"0":[0,0],"1":[0,0]}}
,"/Users/per-arnejohansson/Documents/dev/companion/src/infrastructure/config/AppConfig.ts": {"path":"/Users/per-arnejohansson/Documents/dev/companion/src/infrastructure/config/AppConfig.ts","statementMap":{"0":{"start":{"line":1,"column":25},"end":{"line":15,"column":1}}},"fnMap":{},"branchMap":{"0":{"loc":{"start":{"line":2,"column":9},"end":{"line":2,"column":57}},"type":"binary-expr","locations":[{"start":{"line":2,"column":9},"end":{"line":2,"column":40}},{"start":{"line":2,"column":44},"end":{"line":2,"column":57}}],"line":2},"1":{"loc":{"start":{"line":3,"column":14},"end":{"line":3,"column":58}},"type":"binary-expr","locations":[{"start":{"line":3,"column":14},"end":{"line":3,"column":47}},{"start":{"line":3,"column":51},"end":{"line":3,"column":58}}],"line":3},"2":{"loc":{"start":{"line":5,"column":22},"end":{"line":5,"column":66}},"type":"binary-expr","locations":[{"start":{"line":5,"column":22},"end":{"line":5,"column":60}},{"start":{"line":5,"column":64},"end":{"line":5,"column":66}}],"line":5},"3":{"loc":{"start":{"line":7,"column":21},"end":{"line":7,"column":75}},"type":"binary-expr","locations":[{"start":{"line":7,"column":21},"end":{"line":7,"column":69}},{"start":{"line":7,"column":73},"end":{"line":7,"column":75}}],"line":7},"4":{"loc":{"start":{"line":8,"column":17},"end":{"line":8,"column":67}},"type":"binary-expr","locations":[{"start":{"line":8,"column":17},"end":{"line":8,"column":61}},{"start":{"line":8,"column":65},"end":{"line":8,"column":67}}],"line":8},"5":{"loc":{"start":{"line":9,"column":17},"end":{"line":9,"column":67}},"type":"binary-expr","locations":[{"start":{"line":9,"column":17},"end":{"line":9,"column":61}},{"start":{"line":9,"column":65},"end":{"line":9,"column":67}}],"line":9},"6":{"loc":{"start":{"line":13,"column":14},"end":{"line":13,"column":75}},"type":"binary-expr","locations":[{"start":{"line":13,"column":14},"end":{"line":13,"column":53}},{"start":{"line":13,"column":57},"end":{"line":13,"column":75}}],"line":13}},"s":{"0":0},"f":{},"b":{"0":[0,0],"1":[0,0],"2":[0,0],"3":[0,0],"4":[0,0],"5":[0,0],"6":[0,0]}}
,"/Users/per-arnejohansson/Documents/dev/companion/src/infrastructure/utils/ErrorHandler.ts": {"path":"/Users/per-arnejohansson/Documents/dev/companion/src/infrastructure/utils/ErrorHandler.ts","statementMap":{"0":{"start":{"line":5,"column":8},"end":{"line":5,"column":23}},"1":{"start":{"line":11,"column":8},"end":{"line":17,"column":9}},"2":{"start":{"line":12,"column":12},"end":{"line":12,"column":78}},"3":{"start":{"line":13,"column":15},"end":{"line":17,"column":9}},"4":{"start":{"line":14,"column":12},"end":{"line":14,"column":70}},"5":{"start":{"line":16,"column":12},"end":{"line":16,"column":49}}},"fnMap":{"0":{"name":"(anonymous_0)","decl":{"start":{"line":4,"column":4},"end":{"line":4,"column":5}},"loc":{"start":{"line":4,"column":89},"end":{"line":6,"column":5}},"line":4},"1":{"name":"(anonymous_1)","decl":{"start":{"line":10,"column":4},"end":{"line":10,"column":5}},"loc":{"start":{"line":10,"column":36},"end":{"line":18,"column":5}},"line":10}},"branchMap":{"0":{"loc":{"start":{"line":11,"column":8},"end":{"line":17,"column":9}},"type":"if","locations":[{"start":{"line":11,"column":8},"end":{"line":17,"column":9}},{"start":{"line":13,"column":15},"end":{"line":17,"column":9}}],"line":11},"1":{"loc":{"start":{"line":13,"column":15},"end":{"line":17,"column":9}},"type":"if","locations":[{"start":{"line":13,"column":15},"end":{"line":17,"column":9}},{"start":{"line":15,"column":15},"end":{"line":17,"column":9}}],"line":13}},"s":{"0":0,"1":0,"2":0,"3":0,"4":0,"5":0},"f":{"0":0,"1":0},"b":{"0":[0,0],"1":[0,0]}}
,"/Users/per-arnejohansson/Documents/dev/companion/src/infrastructure/utils/Logger.ts": {"path":"/Users/per-arnejohansson/Documents/dev/companion/src/infrastructure/utils/Logger.ts","statementMap":{"0":{"start":{"line":10,"column":8},"end":{"line":12,"column":9}},"1":{"start":{"line":11,"column":12},"end":{"line":11,"column":57}},"2":{"start":{"line":16,"column":8},"end":{"line":16,"column":51}},"3":{"start":{"line":20,"column":8},"end":{"line":20,"column":51}},"4":{"start":{"line":24,"column":8},"end":{"line":24,"column":60}}},"fnMap":{"0":{"name":"(anonymous_0)","decl":{"start":{"line":9,"column":4},"end":{"line":9,"column":5}},"loc":{"start":{"line":9,"column":56},"end":{"line":13,"column":5}},"line":9},"1":{"name":"(anonymous_1)","decl":{"start":{"line":15,"column":4},"end":{"line":15,"column":5}},"loc":{"start":{"line":15,"column":55},"end":{"line":17,"column":5}},"line":15},"2":{"name":"(anonymous_2)","decl":{"start":{"line":19,"column":4},"end":{"line":19,"column":5}},"loc":{"start":{"line":19,"column":55},"end":{"line":21,"column":5}},"line":19},"3":{"name":"(anonymous_3)","decl":{"start":{"line":23,"column":4},"end":{"line":23,"column":5}},"loc":{"start":{"line":23,"column":69},"end":{"line":25,"column":5}},"line":23}},"branchMap":{"0":{"loc":{"start":{"line":10,"column":8},"end":{"line":12,"column":9}},"type":"if","locations":[{"start":{"line":10,"column":8},"end":{"line":12,"column":9}},{"start":{},"end":{}}],"line":10}},"s":{"0":0,"1":0,"2":0,"3":0,"4":0},"f":{"0":0,"1":0,"2":0,"3":0},"b":{"0":[0,0]},"_coverageSchema":"1a1c01bbd47fc00a2c39e90264f33305004495a9","hash":"56d83856c0260e40689f493e5e54b7faa2556b09"}
,"/Users/per-arnejohansson/Documents/dev/companion/src/presentation/components/common/Button.tsx": {"path":"/Users/per-arnejohansson/Documents/dev/companion/src/presentation/components/common/Button.tsx","statementMap":{"0":{"start":{"line":15,"column":22},"end":{"line":28,"column":1}},"1":{"start":{"line":16,"column":4},"end":{"line":27,"column":6}},"2":{"start":{"line":30,"column":15},"end":{"line":35,"column":2}}},"fnMap":{"0":{"name":"(anonymous_0)","decl":{"start":{"line":15,"column":22},"end":{"line":15,"column":23}},"loc":{"start":{"line":15,"column":108},"end":{"line":28,"column":1}},"line":15}},"branchMap":{"0":{"loc":{"start":{"line":15,"column":25},"end":{"line":15,"column":43}},"type":"default-arg","locations":[{"start":{"line":15,"column":32},"end":{"line":15,"column":43}}],"line":15},"1":{"loc":{"start":{"line":21,"column":22},"end":{"line":21,"column":41}},"type":"binary-expr","locations":[{"start":{"line":21,"column":22},"end":{"line":21,"column":30}},{"start":{"line":21,"column":34},"end":{"line":21,"column":41}}],"line":21}},"s":{"0":0,"1":0,"2":0},"f":{"0":0},"b":{"0":[0],"1":[0,0]}}
,"/Users/per-arnejohansson/Documents/dev/companion/src/presentation/navigation/AppNavigator.tsx": {"path":"/Users/per-arnejohansson/Documents/dev/companion/src/presentation/navigation/AppNavigator.tsx","statementMap":{"0":{"start":{"line":12,"column":14},"end":{"line":12,"column":36}},"1":{"start":{"line":14,"column":28},"end":{"line":26,"column":1}},"2":{"start":{"line":15,"column":4},"end":{"line":25,"column":6}}},"fnMap":{"0":{"name":"(anonymous_0)","decl":{"start":{"line":14,"column":28},"end":{"line":14,"column":29}},"loc":{"start":{"line":14,"column":34},"end":{"line":26,"column":1}},"line":14}},"branchMap":{},"s":{"0":0,"1":0,"2":0},"f":{"0":0},"b":{}}
,"/Users/per-arnejohansson/Documents/dev/companion/src/presentation/screens/AuthScreen.tsx": {"path":"/Users/per-arnejohansson/Documents/dev/companion/src/presentation/screens/AuthScreen.tsx","statementMap":{"0":{"start":{"line":9,"column":26},"end":{"line":43,"column":2}},"1":{"start":{"line":10,"column":26},"end":{"line":10,"column":37}},"2":{"start":{"line":12,"column":30},"end":{"line":14,"column":5}},"3":{"start":{"line":13,"column":8},"end":{"line":13,"column":26}},"4":{"start":{"line":16,"column":4},"end":{"line":42,"column":6}},"5":{"start":{"line":45,"column":15},"end":{"line":67,"column":2}}},"fnMap":{"0":{"name":"(anonymous_0)","decl":{"start":{"line":9,"column":35},"end":{"line":9,"column":36}},"loc":{"start":{"line":9,"column":41},"end":{"line":43,"column":1}},"line":9},"1":{"name":"(anonymous_1)","decl":{"start":{"line":12,"column":30},"end":{"line":12,"column":31}},"loc":{"start":{"line":12,"column":36},"end":{"line":14,"column":5}},"line":12}},"branchMap":{"0":{"loc":{"start":{"line":21,"column":13},"end":{"line":23,"column":13}},"type":"binary-expr","locations":[{"start":{"line":21,"column":13},"end":{"line":21,"column":28}},{"start":{"line":22,"column":16},"end":{"line":22,"column":67}}],"line":21}},"s":{"0":0,"1":0,"2":0,"3":0,"4":0,"5":0},"f":{"0":0,"1":0},"b":{"0":[0,0]}}
,"/Users/per-arnejohansson/Documents/dev/companion/src/presentation/screens/DocumentAddScreen.tsx": {"path":"/Users/per-arnejohansson/Documents/dev/companion/src/presentation/screens/DocumentAddScreen.tsx","statementMap":{"0":{"start":{"line":9,"column":33},"end":{"line":117,"column":2}},"1":{"start":{"line":10,"column":30},"end":{"line":10,"column":41}},"2":{"start":{"line":11,"column":23},"end":{"line":11,"column":38}},"3":{"start":{"line":13,"column":30},"end":{"line":13,"column":42}},"4":{"start":{"line":14,"column":28},"end":{"line":14,"column":44}},"5":{"start":{"line":15,"column":42},"end":{"line":15,"column":54}},"6":{"start":{"line":16,"column":36},"end":{"line":16,"column":65}},"7":{"start":{"line":17,"column":42},"end":{"line":17,"column":81}},"8":{"start":{"line":18,"column":34},"end":{"line":18,"column":49}},"9":{"start":{"line":20,"column":22},"end":{"line":32,"column":5}},"10":{"start":{"line":21,"column":23},"end":{"line":26,"column":10}},"11":{"start":{"line":28,"column":8},"end":{"line":31,"column":9}},"12":{"start":{"line":29,"column":12},"end":{"line":29,"column":46}},"13":{"start":{"line":30,"column":12},"end":{"line":30,"column":65}},"14":{"start":{"line":34,"column":23},"end":{"line":48,"column":5}},"15":{"start":{"line":35,"column":8},"end":{"line":35,"column":34}},"16":{"start":{"line":35,"column":27},"end":{"line":35,"column":34}},"17":{"start":{"line":36,"column":8},"end":{"line":36,"column":25}},"18":{"start":{"line":37,"column":8},"end":{"line":47,"column":9}},"19":{"start":{"line":38,"column":12},"end":{"line":43,"column":14}},"20":{"start":{"line":44,"column":12},"end":{"line":44,"column":32}},"21":{"start":{"line":46,"column":12},"end":{"line":46,"column":30}},"22":{"start":{"line":50,"column":4},"end":{"line":116,"column":6}},"23":{"start":{"line":53,"column":50},"end":{"line":53,"column":69}},"24":{"start":{"line":119,"column":15},"end":{"line":129,"column":2}}},"fnMap":{"0":{"name":"(anonymous_0)","decl":{"start":{"line":9,"column":42},"end":{"line":9,"column":43}},"loc":{"start":{"line":9,"column":48},"end":{"line":117,"column":1}},"line":9},"1":{"name":"(anonymous_1)","decl":{"start":{"line":20,"column":22},"end":{"line":20,"column":23}},"loc":{"start":{"line":20,"column":34},"end":{"line":32,"column":5}},"line":20},"2":{"name":"(anonymous_2)","decl":{"start":{"line":34,"column":23},"end":{"line":34,"column":24}},"loc":{"start":{"line":34,"column":35},"end":{"line":48,"column":5}},"line":34},"3":{"name":"(anonymous_3)","decl":{"start":{"line":53,"column":44},"end":{"line":53,"column":45}},"loc":{"start":{"line":53,"column":50},"end":{"line":53,"column":69}},"line":53}},"branchMap":{"0":{"loc":{"start":{"line":28,"column":8},"end":{"line":31,"column":9}},"type":"if","locations":[{"start":{"line":28,"column":8},"end":{"line":31,"column":9}},{"start":{},"end":{}}],"line":28},"1":{"loc":{"start":{"line":30,"column":27},"end":{"line":30,"column":63}},"type":"binary-expr","locations":[{"start":{"line":30,"column":27},"end":{"line":30,"column":50}},{"start":{"line":30,"column":54},"end":{"line":30,"column":63}}],"line":30},"2":{"loc":{"start":{"line":35,"column":8},"end":{"line":35,"column":34}},"type":"if","locations":[{"start":{"line":35,"column":8},"end":{"line":35,"column":34}},{"start":{},"end":{}}],"line":35},"3":{"loc":{"start":{"line":40,"column":16},"end":{"line":40,"column":58}},"type":"cond-expr","locations":[{"start":{"line":40,"column":35},"end":{"line":40,"column":46}},{"start":{"line":40,"column":49},"end":{"line":40,"column":58}}],"line":40},"4":{"loc":{"start":{"line":41,"column":16},"end":{"line":41,"column":57}},"type":"cond-expr","locations":[{"start":{"line":41,"column":34},"end":{"line":41,"column":45}},{"start":{"line":41,"column":48},"end":{"line":41,"column":57}}],"line":41},"5":{"loc":{"start":{"line":55,"column":75},"end":{"line":55,"column":92}},"type":"binary-expr","locations":[{"start":{"line":55,"column":75},"end":{"line":55,"column":82}},{"start":{"line":55,"column":86},"end":{"line":55,"column":92}}],"line":55},"6":{"loc":{"start":{"line":77,"column":17},"end":{"line":87,"column":17}},"type":"binary-expr","locations":[{"start":{"line":77,"column":17},"end":{"line":77,"column":32}},{"start":{"line":78,"column":20},"end":{"line":86,"column":22}}],"line":77},"7":{"loc":{"start":{"line":89,"column":17},"end":{"line":101,"column":17}},"type":"binary-expr","locations":[{"start":{"line":89,"column":17},"end":{"line":89,"column":33}},{"start":{"line":90,"column":20},"end":{"line":100,"column":27}}],"line":89},"8":{"loc":{"start":{"line":94,"column":25},"end":{"line":96,"column":25}},"type":"binary-expr","locations":[{"start":{"line":94,"column":25},"end":{"line":94,"column":33}},{"start":{"line":95,"column":28},"end":{"line":95,"column":87}}],"line":94},"9":{"loc":{"start":{"line":103,"column":17},"end":{"line":103,"column":88}},"type":"binary-expr","locations":[{"start":{"line":103,"column":17},"end":{"line":103,"column":24}},{"start":{"line":103,"column":28},"end":{"line":103,"column":88}}],"line":103},"10":{"loc":{"start":{"line":110,"column":30},"end":{"line":110,"column":47}},"type":"binary-expr","locations":[{"start":{"line":110,"column":30},"end":{"line":110,"column":37}},{"start":{"line":110,"column":41},"end":{"line":110,"column":47}}],"line":110}},"s":{"0":0,"1":0,"2":0,"3":0,"4":0,"5":0,"6":0,"7":0,"8":0,"9":0,"10":0,"11":0,"12":0,"13":0,"14":0,"15":0,"16":0,"17":0,"18":0,"19":0,"20":0,"21":0,"22":0,"23":0,"24":0},"f":{"0":0,"1":0,"2":0,"3":0},"b":{"0":[0,0],"1":[0,0],"2":[0,0],"3":[0,0],"4":[0,0],"5":[0,0],"6":[0,0],"7":[0,0],"8":[0,0],"9":[0,0],"10":[0,0]}}
,"/Users/per-arnejohansson/Documents/dev/companion/src/presentation/screens/DocumentDetailScreen.tsx": {"path":"/Users/per-arnejohansson/Documents/dev/companion/src/presentation/screens/DocumentDetailScreen.tsx","statementMap":{"0":{"start":{"line":8,"column":36},"end":{"line":94,"column":2}},"1":{"start":{"line":9,"column":30},"end":{"line":9,"column":41}},"2":{"start":{"line":10,"column":23},"end":{"line":10,"column":38}},"3":{"start":{"line":11,"column":18},"end":{"line":11,"column":33}},"4":{"start":{"line":12,"column":19},"end":{"line":12,"column":31}},"5":{"start":{"line":14,"column":34},"end":{"line":14,"column":46}},"6":{"start":{"line":16,"column":4},"end":{"line":18,"column":13}},"7":{"start":{"line":17,"column":8},"end":{"line":17,"column":41}},"8":{"start":{"line":20,"column":16},"end":{"line":20,"column":46}},"9":{"start":{"line":22,"column":4},"end":{"line":28,"column":5}},"10":{"start":{"line":23,"column":8},"end":{"line":27,"column":10}},"11":{"start":{"line":30,"column":23},"end":{"line":34,"column":5}},"12":{"start":{"line":31,"column":8},"end":{"line":31,"column":36}},"13":{"start":{"line":31,"column":29},"end":{"line":31,"column":36}},"14":{"start":{"line":32,"column":8},"end":{"line":32,"column":49}},"15":{"start":{"line":33,"column":8},"end":{"line":33,"column":23}},"16":{"start":{"line":36,"column":4},"end":{"line":93,"column":6}},"17":{"start":{"line":39,"column":50},"end":{"line":39,"column":69}},"18":{"start":{"line":52,"column":36},"end":{"line":52,"column":85}},"19":{"start":{"line":64,"column":24},"end":{"line":72,"column":31}},"20":{"start":{"line":96,"column":15},"end":{"line":114,"column":2}}},"fnMap":{"0":{"name":"(anonymous_0)","decl":{"start":{"line":8,"column":45},"end":{"line":8,"column":46}},"loc":{"start":{"line":8,"column":51},"end":{"line":94,"column":1}},"line":8},"1":{"name":"(anonymous_1)","decl":{"start":{"line":16,"column":14},"end":{"line":16,"column":15}},"loc":{"start":{"line":16,"column":20},"end":{"line":18,"column":5}},"line":16},"2":{"name":"(anonymous_2)","decl":{"start":{"line":30,"column":23},"end":{"line":30,"column":24}},"loc":{"start":{"line":30,"column":35},"end":{"line":34,"column":5}},"line":30},"3":{"name":"(anonymous_3)","decl":{"start":{"line":39,"column":44},"end":{"line":39,"column":45}},"loc":{"start":{"line":39,"column":50},"end":{"line":39,"column":69}},"line":39},"4":{"name":"(anonymous_4)","decl":{"start":{"line":51,"column":46},"end":{"line":51,"column":47}},"loc":{"start":{"line":52,"column":36},"end":{"line":52,"column":85}},"line":52},"5":{"name":"(anonymous_5)","decl":{"start":{"line":63,"column":51},"end":{"line":63,"column":52}},"loc":{"start":{"line":64,"column":24},"end":{"line":72,"column":31}},"line":64}},"branchMap":{"0":{"loc":{"start":{"line":22,"column":4},"end":{"line":28,"column":5}},"type":"if","locations":[{"start":{"line":22,"column":4},"end":{"line":28,"column":5}},{"start":{},"end":{}}],"line":22},"1":{"loc":{"start":{"line":31,"column":8},"end":{"line":31,"column":36}},"type":"if","locations":[{"start":{"line":31,"column":8},"end":{"line":31,"column":36}},{"start":{},"end":{}}],"line":31},"2":{"loc":{"start":{"line":47,"column":56},"end":{"line":47,"column":93}},"type":"cond-expr","locations":[{"start":{"line":47,"column":83},"end":{"line":47,"column":88}},{"start":{"line":47,"column":91},"end":{"line":47,"column":93}}],"line":47},"3":{"loc":{"start":{"line":49,"column":25},"end":{"line":55,"column":25}},"type":"binary-expr","locations":[{"start":{"line":49,"column":25},"end":{"line":49,"column":44}},{"start":{"line":50,"column":28},"end":{"line":54,"column":35}}],"line":49},"4":{"loc":{"start":{"line":66,"column":28},"end":{"line":66,"column":88}},"type":"cond-expr","locations":[{"start":{"line":66,"column":50},"end":{"line":66,"column":67}},{"start":{"line":66,"column":70},"end":{"line":66,"column":88}}],"line":66},"5":{"loc":{"start":{"line":69,"column":33},"end":{"line":69,"column":69}},"type":"cond-expr","locations":[{"start":{"line":69,"column":56},"end":{"line":69,"column":61}},{"start":{"line":69,"column":64},"end":{"line":69,"column":69}}],"line":69},"6":{"loc":{"start":{"line":74,"column":21},"end":{"line":76,"column":21}},"type":"binary-expr","locations":[{"start":{"line":74,"column":21},"end":{"line":74,"column":59}},{"start":{"line":75,"column":24},"end":{"line":75,"column":100}}],"line":74},"7":{"loc":{"start":{"line":80,"column":44},"end":{"line":80,"column":89}},"type":"cond-expr","locations":[{"start":{"line":80,"column":68},"end":{"line":80,"column":77}},{"start":{"line":80,"column":80},"end":{"line":80,"column":89}}],"line":80}},"s":{"0":0,"1":0,"2":0,"3":0,"4":0,"5":0,"6":0,"7":0,"8":0,"9":0,"10":0,"11":0,"12":0,"13":0,"14":0,"15":0,"16":0,"17":0,"18":0,"19":0,"20":0},"f":{"0":0,"1":0,"2":0,"3":0,"4":0,"5":0},"b":{"0":[0,0],"1":[0,0],"2":[0,0],"3":[0,0],"4":[0,0],"5":[0,0],"6":[0,0],"7":[0,0]}}
[...]
nd":{"line":12,"column":64}},"5":{"start":{"line":19,"column":8},"end":{"line":19,"column":33}},"6":{"start":{"line":23,"column":8},"end":{"line":23,"column":30}},"7":{"start":{"line":24,"column":8},"end":{"line":39,"column":9}},"8":{"start":{"line":25,"column":25},"end":{"line":25,"column":56}},"9":{"start":{"line":26,"column":12},"end":{"line":29,"column":15}},"10":{"start":{"line":27,"column":16},"end":{"line":27,"column":38}},"11":{"start":{"line":28,"column":16},"end":{"line":28,"column":34}},"12":{"start":{"line":31,"column":12},"end":{"line":31,"column":56}},"13":{"start":{"line":32,"column":12},"end":{"line":34,"column":15}},"14":{"start":{"line":33,"column":16},"end":{"line":33,"column":56}},"15":{"start":{"line":36,"column":12},"end":{"line":38,"column":15}},"16":{"start":{"line":37,"column":16},"end":{"line":37,"column":39}},"17":{"start":{"line":43,"column":8},"end":{"line":43,"column":30}},"18":{"start":{"line":44,"column":8},"end":{"line":61,"column":9}},"19":{"start":{"line":45,"column":24},"end":{"line":45,"column":97}},"20":{"start":{"line":46,"column":12},"end":{"line":49,"column":15}},"21":{"start":{"line":47,"column":16},"end":{"line":47,"column":41}},"22":{"start":{"line":48,"column":16},"end":{"line":48,"column":34}},"23":{"start":{"line":50,"column":12},"end":{"line":50,"column":23}},"24":{"start":{"line":52,"column":12},"end":{"line":52,"column":54}},"25":{"start":{"line":53,"column":12},"end":{"line":55,"column":15}},"26":{"start":{"line":54,"column":16},"end":{"line":54,"column":54}},"27":{"start":{"line":56,"column":12},"end":{"line":56,"column":24}},"28":{"start":{"line":58,"column":12},"end":{"line":60,"column":15}},"29":{"start":{"line":59,"column":16},"end":{"line":59,"column":39}},"30":{"start":{"line":65,"column":20},"end":{"line":65,"column":57}},"31":{"start":{"line":65,"column":45},"end":{"line":65,"column":56}},"32":{"start":{"line":66,"column":8},"end":{"line":69,"column":9}},"33":{"start":{"line":67,"column":12},"end":{"line":67,"column":40}},"34":{"start":{"line":68,"column":12},"end":{"line":68,"column":34}},"35":{"start":{"line":73,"column":8},"end":{"line":73,"column":43}},"36":{"start":{"line":73,"column":36},"end":{"line":73,"column":43}},"37":{"start":{"line":75,"column":8},"end":{"line":75,"column":63}},"38":{"start":{"line":77,"column":8},"end":{"line":97,"column":9}},"39":{"start":{"line":79,"column":29},"end":{"line":87,"column":13}},"40":{"start":{"line":89,"column":12},"end":{"line":91,"column":15}},"41":{"start":{"line":90,"column":16},"end":{"line":90,"column":73}},"42":{"start":{"line":93,"column":12},"end":{"line":93,"column":43}},"43":{"start":{"line":94,"column":12},"end":{"line":96,"column":15}},"44":{"start":{"line":95,"column":16},"end":{"line":95,"column":97}}},"fnMap":{"0":{"name":"(anonymous_0)","decl":{"start":{"line":14,"column":4},"end":{"line":14,"column":5}},"loc":{"start":{"line":18,"column":6},"end":{"line":20,"column":5}},"line":18},"1":{"name":"(anonymous_1)","decl":{"start":{"line":22,"column":4},"end":{"line":22,"column":5}},"loc":{"start":{"line":22,"column":26},"end":{"line":40,"column":5}},"line":22},"2":{"name":"(anonymous_2)","decl":{"start":{"line":26,"column":24},"end":{"line":26,"column":25}},"loc":{"start":{"line":26,"column":30},"end":{"line":29,"column":13}},"line":26},"3":{"name":"(anonymous_3)","decl":{"start":{"line":32,"column":24},"end":{"line":32,"column":25}},"loc":{"start":{"line":32,"column":30},"end":{"line":34,"column":13}},"line":32},"4":{"name":"(anonymous_4)","decl":{"start":{"line":36,"column":24},"end":{"line":36,"column":25}},"loc":{"start":{"line":36,"column":30},"end":{"line":38,"column":13}},"line":36},"5":{"name":"(anonymous_5)","decl":{"start":{"line":42,"column":4},"end":{"line":42,"column":5}},"loc":{"start":{"line":42,"column":91},"end":{"line":62,"column":5}},"line":42},"6":{"name":"(anonymous_6)","decl":{"start":{"line":46,"column":24},"end":{"line":46,"column":25}},"loc":{"start":{"line":46,"column":30},"end":{"line":49,"column":13}},"line":46},"7":{"name":"(anonymous_7)","decl":{"start":{"line":53,"column":24},"end":{"line":53,"column":25}},"loc":{"start":{"line":53,"column":30},"end":{"line":55,"column":13}},"line":53},"8":{"name":"(anonymous_8)","decl":{"start":{"line":58,"column":24},"end":{"line":58,"column":25}},"loc":{"start":{"line":58,"column":30},"end":{"line":60,"column":13}},"line":58},"9":{"name":"(anonymous_9)","decl":{"start":{"line":64,"column":4},"end":{"line":64,"column":5}},"loc":{"start":{"line":64,"column":37},"end":{"line":70,"column":5}},"line":64},"10":{"name":"(anonymous_10)","decl":{"start":{"line":65,"column":40},"end":{"line":65,"column":41}},"loc":{"start":{"line":65,"column":45},"end":{"line":65,"column":56}},"line":65},"11":{"name":"(anonymous_11)","decl":{"start":{"line":72,"column":4},"end":{"line":72,"column":5}},"loc":{"start":{"line":72,"column":39},"end":{"line":98,"column":5}},"line":72},"12":{"name":"(anonymous_12)","decl":{"start":{"line":89,"column":24},"end":{"line":89,"column":25}},"loc":{"start":{"line":89,"column":30},"end":{"line":91,"column":13}},"line":89},"13":{"name":"(anonymous_13)","decl":{"start":{"line":94,"column":24},"end":{"line":94,"column":25}},"loc":{"start":{"line":94,"column":30},"end":{"line":96,"column":13}},"line":94}},"branchMap":{"0":{"loc":{"start":{"line":66,"column":8},"end":{"line":69,"column":9}},"type":"if","locations":[{"start":{"line":66,"column":8},"end":{"line":69,"column":9}},{"start":{},"end":{}}],"line":66},"1":{"loc":{"start":{"line":73,"column":8},"end":{"line":73,"column":43}},"type":"if","locations":[{"start":{"line":73,"column":8},"end":{"line":73,"column":43}},{"start":{},"end":{}}],"line":73}},"s":{"0":2,"1":2,"2":2,"3":2,"4":2,"5":2,"6":0,"7":0,"8":0,"9":0,"10":0,"11":0,"12":0,"13":0,"14":0,"15":0,"16":0,"17":2,"18":2,"19":2,"20":2,"21":2,"22":2,"23":2,"24":0,"25":0,"26":0,"27":0,"28":2,"29":2,"30":0,"31":0,"32":0,"33":0,"34":0,"35":0,"36":0,"37":0,"38":0,"39":0,"40":0,"41":0,"42":0,"43":0,"44":0},"f":{"0":2,"1":0,"2":0,"3":0,"4":0,"5":2,"6":2,"7":0,"8":2,"9":0,"10":0,"11":0,"12":0,"13":0},"b":{"0":[0,0],"1":[0,0]},"_coverageSchema":"1a1c01bbd47fc00a2c39e90264f33305004495a9","hash":"07fc907fc1a0a335377a96591e3c0498d226fa5b"}
,"/Users/per-arnejohansson/Documents/dev/companion/src/state/stores/PasswordStore.ts": {"path":"/Users/per-arnejohansson/Documents/dev/companion/src/state/stores/PasswordStore.ts","statementMap":{"0":{"start":{"line":15,"column":30},"end":{"line":15,"column":32}},"1":{"start":{"line":16,"column":25},"end":{"line":16,"column":30}},"2":{"start":{"line":17,"column":27},"end":{"line":17,"column":31}},"3":{"start":{"line":18,"column":24},"end":{"line":18,"column":28}},"4":{"start":{"line":19,"column":39},"end":{"line":19,"column":43}},"5":{"start":{"line":26,"column":8},"end":{"line":26,"column":33}},"6":{"start":{"line":30,"column":8},"end":{"line":30,"column":32}},"7":{"start":{"line":34,"column":8},"end":{"line":34,"column":30}},"8":{"start":{"line":35,"column":8},"end":{"line":35,"column":26}},"9":{"start":{"line":36,"column":8},"end":{"line":68,"column":9}},"10":{"start":{"line":54,"column":12},"end":{"line":54,"column":38}},"11":{"start":{"line":55,"column":12},"end":{"line":55,"column":34}},"12":{"start":{"line":56,"column":12},"end":{"line":56,"column":39}},"13":{"start":{"line":57,"column":12},"end":{"line":57,"column":24}},"14":{"start":{"line":59,"column":12},"end":{"line":59,"column":48}},"15":{"start":{"line":60,"column":12},"end":{"line":62,"column":15}},"16":{"start":{"line":61,"column":16},"end":{"line":61,"column":48}},"17":{"start":{"line":63,"column":12},"end":{"line":63,"column":25}},"18":{"start":{"line":65,"column":12},"end":{"line":67,"column":15}},"19":{"start":{"line":66,"column":16},"end":{"line":66,"column":39}},"20":{"start":{"line":73,"column":8},"end":{"line":73,"column":30}},"21":{"start":{"line":74,"column":8},"end":{"line":92,"column":9}},"22":{"start":{"line":75,"column":24},"end":{"line":75,"column":65}},"23":{"start":{"line":76,"column":12},"end":{"line":83,"column":13}},"24":{"start":{"line":77,"column":16},"end":{"line":80,"column":19}},"25":{"start":{"line":78,"column":20},"end":{"line":78,"column":41}},"26":{"start":{"line":79,"column":20},"end":{"line":79,"column":42}},"27":{"start":{"line":81,"column":16},"end":{"line":81,"column":43}},"28":{"start":{"line":82,"column":16},"end":{"line":82,"column":28}},"29":{"start":{"line":84,"column":12},"end":{"line":84,"column":25}},"30":{"start":{"line":86,"column":12},"end":{"line":86,"column":50}},"31":{"start":{"line":87,"column":12},"end":{"line":87,"column":25}},"32":{"start":{"line":89,"column":12},"end":{"line":91,"column":15}},"33":{"start":{"line":90,"column":16},"end":{"line":90,"column":39}},"34":{"start":{"line":96,"column":8},"end":{"line":96,"column":36}},"35":{"start":{"line":96,"column":29},"end":{"line":96,"column":36}},"36":{"start":{"line":97,"column":8},"end":{"line":97,"column":30}},"37":{"start":{"line":98,"column":8},"end":{"line":112,"column":9}},"38":{"start":{"line":99,"column":25},"end":{"line":99,"column":79}},"39":{"start":{"line":100,"column":12},"end":{"line":102,"column":15}},"40":{"start":{"line":101,"column":16},"end":{"line":101,"column":54}},"41":{"start":{"line":104,"column":12},"end":{"line":104,"column":56}},"42":{"start":{"line":105,"column":12},"end":{"line":107,"column":15}},"43":{"start":{"line":106,"column":16},"end":{"line":106,"column":56}},"44":{"start":{"line":109,"column":12},"end":{"line":111,"column":15}},"45":{"start":{"line":110,"column":16},"end":{"line":110,"column":39}},"46":{"start":{"line":116,"column":8},"end":{"line":119,"column":9}},"47":{"start":{"line":117,"column":12},"end":{"line":117,"column":43}},"48":{"start":{"line":118,"column":12},"end":{"line":118,"column":19}},"49":{"start":{"line":120,"column":8},"end":{"line":120,"column":30}},"50":{"start":{"line":121,"column":8},"end":{"line":133,"column":9}},"51":{"start":{"line":122,"column":12},"end":{"line":122,"column":76}},"52":{"start":{"line":123,"column":12},"end":{"line":123,"column":39}},"53":{"start":{"line":125,"column":12},"end":{"line":125,"column":54}},"54":{"start":{"line":126,"column":12},"end":{"line":128,"column":15}},"55":{"start":{"line":127,"column":16},"end":{"line":127,"column":55}},"56":{"start":{"line":130,"column":12},"end":{"line":132,"column":15}},"57":{"start":{"line":131,"column":16},"end":{"line":131,"column":39}},"58":{"start":{"line":137,"column":8},"end":{"line":137,"column":30}},"59":{"start":{"line":138,"column":8},"end":{"line":138,"column":28}},"60":{"start":{"line":139,"column":8},"end":{"line":139,"column":29}}},"fnMap":{"0":{"name":"(anonymous_0)","decl":{"start":{"line":21,"column":4},"end":{"line":21,"column":5}},"loc":{"start":{"line":25,"column":6},"end":{"line":27,"column":5}},"line":25},"1":{"name":"(anonymous_1)","decl":{"start":{"line":29,"column":4},"end":{"line":29,"column":5}},"loc":{"start":{"line":29,"column":32},"end":{"line":31,"column":5}},"line":29},"2":{"name":"(anonymous_2)","decl":{"start":{"line":33,"column":4},"end":{"line":33,"column":5}},"loc":{"start":{"line":33,"column":53},"end":{"line":69,"column":5}},"line":33},"3":{"name":"(anonymous_3)","decl":{"start":{"line":60,"column":24},"end":{"line":60,"column":25}},"loc":{"start":{"line":60,"column":30},"end":{"line":62,"column":13}},"line":60},"4":{"name":"(anonymous_4)","decl":{"start":{"line":65,"column":24},"end":{"line":65,"column":25}},"loc":{"start":{"line":65,"column":30},"end":{"line":67,"column":13}},"line":65},"5":{"name":"(anonymous_5)","decl":{"start":{"line":72,"column":4},"end":{"line":72,"column":5}},"loc":{"start":{"line":72,"column":42},"end":{"line":93,"column":5}},"line":72},"6":{"name":"(anonymous_6)","decl":{"start":{"line":77,"column":28},"end":{"line":77,"column":29}},"loc":{"start":{"line":77,"column":34},"end":{"line":80,"column":17}},"line":77},"7":{"name":"(anonymous_7)","decl":{"start":{"line":89,"column":24},"end":{"line":89,"column":25}},"loc":{"start":{"line":89,"column":30},"end":{"line":91,"column":13}},"line":89},"8":{"name":"(anonymous_8)","decl":{"start":{"line":95,"column":4},"end":{"line":95,"column":5}},"loc":{"start":{"line":95,"column":26},"end":{"line":113,"column":5}},"line":95},"9":{"name":"(anonymous_9)","decl":{"start":{"line":100,"column":24},"end":{"line":100,"column":25}},"loc":{"start":{"line":100,"column":30},"end":{"line":102,"column":13}},"line":100},"10":{"name":"(anonymous_10)","decl":{"start":{"line":105,"column":24},"end":{"line":105,"column":25}},"loc":{"start":{"line":105,"column":30},"end":{"line":107,"column":13}},"line":105},"11":{"name":"(anonymous_11)","decl":{"start":{"line":109,"column":24},"end":{"line":109,"column":25}},"loc":{"start":{"line":109,"column":30},"end":{"line":111,"column":13}},"line":109},"12":{"name":"(anonymous_12)","decl":{"start":{"line":115,"column":4},"end":{"line":115,"column":5}},"loc":{"start":{"line":115,"column":44},"end":{"line":134,"column":5}},"line":115},"13":{"name":"(anonymous_13)","decl":{"start":{"line":126,"column":24},"end":{"line":126,"column":25}},"loc":{"start":{"line":126,"column":30},"end":{"line":128,"column":13}},"line":126},"14":{"name":"(anonymous_14)","decl":{"start":{"line":130,"column":24},"end":{"line":130,"column":25}},"loc":{"start":{"line":130,"column":30},"end":{"line":132,"column":13}},"line":130},"15":{"name":"(anonymous_15)","decl":{"start":{"line":136,"column":4},"end":{"line":136,"column":5}},"loc":{"start":{"line":136,"column":11},"end":{"line":140,"column":5}},"line":136}},"branchMap":{"0":{"loc":{"start":{"line":76,"column":12},"end":{"line":83,"column":13}},"type":"if","locations":[{"start":{"line":76,"column":12},"end":{"line":83,"column":13}},{"start":{},"end":{}}],"line":76},"1":{"loc":{"start":{"line":96,"column":8},"end":{"line":96,"column":36}},"type":"if","locations":[{"start":{"line":96,"column":8},"end":{"line":96,"column":36}},{"start":{},"end":{}}],"line":96},"2":{"loc":{"start":{"line":116,"column":8},"end":{"line":119,"column":9}},"type":"if","locations":[{"start":{"line":116,"column":8},"end":{"line":119,"column":9}},{"start":{},"end":{}}],"line":116}},"s":{"0":0,"1":0,"2":0,"3":0,"4":0,"5":0,"6":0,"7":0,"8":0,"9":0,"10":0,"11":0,"12":0,"13":0,"14":0,"15":0,"16":0,"17":0,"18":0,"19":0,"20":0,"21":0,"22":0,"23":0,"24":0,"25":0,"26":0,"27":0,"28":0,"29":0,"30":0,"31":0,"32":0,"33":0,"34":0,"35":0,"36":0,"37":0,"38":0,"39":0,"40":0,"41":0,"42":0,"43":0,"44":0,"45":0,"46":0,"47":0,"48":0,"49":0,"50":0,"51":0,"52":0,"53":0,"54":0,"55":0,"56":0,"57":0,"58":0,"59":0,"60":0},"f":{"0":0,"1":0,"2":0,"3":0,"4":0,"5":0,"6":0,"7":0,"8":0,"9":0,"10":0,"11":0,"12":0,"13":0,"14":0,"15":0},"b":{"0":[0,0],"1":[0,0],"2":[0,0]}}
,"/Users/per-arnejohansson/Documents/dev/companion/src/state/stores/SettingsStore.ts": {"path":"/Users/per-arnejohansson/Documents/dev/companion/src/state/stores/SettingsStore.ts","statementMap":{"0":{"start":{"line":6,"column":21},"end":{"line":6,"column":41}},"1":{"start":{"line":7,"column":24},"end":{"line":7,"column":50}},"2":{"start":{"line":10,"column":25},"end":{"line":10,"column":30}},"3":{"start":{"line":11,"column":25},"end":{"line":11,"column":30}},"4":{"start":{"line":12,"column":25},"end":{"line":12,"column":29}},"5":{"start":{"line":15,"column":8},"end":{"line":15,"column":33}},"6":{"start":{"line":19,"column":8},"end":{"line":19,"column":30}},"7":{"start":{"line":20,"column":8},"end":{"line":56,"column":9}},"8":{"start":{"line":22,"column":25},"end":{"line":22,"column":65}},"9":{"start":{"line":23,"column":12},"end":{"line":28,"column":13}},"10":{"start":{"line":24,"column":29},"end":{"line":24,"column":45}},"11":{"start":{"line":25,"column":16},"end":{"line":27,"column":19}},"12":{"start":{"line":26,"column":20},"end":{"line":26,"column":54}},"13":{"start":{"line":45,"column":27},"end":{"line":45,"column":78}},"14":{"start":{"line":46,"column":12},"end":{"line":48,"column":15}},"15":{"start":{"line":47,"column":16},"end":{"line":47,"column":40}},"16":{"start":{"line":51,"column":12},"end":{"line":51,"column":55}},"17":{"start":{"line":53,"column":12},"end":{"line":55,"column":15}},"18":{"start":{"line":54,"column":16},"end":{"line":54,"column":39}},"19":{"start":{"line":60,"column":8},"end":{"line":60,"column":31}},"20":{"start":{"line":61,"column":8},"end":{"line":61,"column":87}},"21":{"start":{"line":65,"column":8},"end":{"line":86,"column":9}},"22":{"start":{"line":66,"column":12},"end":{"line":82,"column":13}},"23":{"start":{"line":67,"column":16},"end":{"line":67,"column":88}},"24":{"start":{"line":68,"column":16},"end":{"line":72,"column":19}},"25":{"start":{"line":69,"column":20},"end":{"line":69,"column":42}},"26":{"start":{"line":71,"column":20},"end":{"line":71,"column":42}},"27":{"start":{"line":73,"column":16},"end":{"line":73,"column":46}},"28":{"start":{"line":76,"column":16},"end":{"line":76,"column":71}},"29":{"start":{"line":77,"column":16},"end":{"line":80,"column":19}},"30":{"start":{"line":78,"column":20},"end":{"line":78,"column":43}},"31":{"start":{"line":79,"column":20},"end":{"line":79,"column":43}},"32":{"start":{"line":81,"column":16},"end":{"line":81,"column":47}},"33":{"start":{"line":84,"column":12},"end":{"line":84,"column":54}},"34":{"start":{"line":85,"column":12},"end":{"line":85,"column":20}},"35":{"start":{"line":90,"column":8},"end":{"line":90,"column":61}}},"fnMap":{"0":{"name":"(anonymous_0)","decl":{"start":{"line":14,"column":4},"end":{"line":14,"column":5}},"loc":{"start":{"line":14,"column":58},"end":{"line":16,"column":5}},"line":14},"1":{"name":"(anonymous_1)","decl":{"start":{"line":18,"column":4},"end":{"line":18,"column":5}},"loc":{"start":{"line":18,"column":25},"end":{"line":57,"column":5}},"line":18},"2":{"name":"(anonymous_2)","decl":{"start":{"line":25,"column":28},"end":{"line":25,"column":29}},"loc":{"start":{"line":25,"column":34},"end":{"line":27,"column":17}},"line":25},"3":{"name":"(anonymous_3)","decl":{"start":{"line":46,"column":24},"end":{"line":46,"column":25}},"loc":{"start":{"line":46,"column":30},"end":{"line":48,"column":13}},"line":46},"4":{"name":"(anonymous_4)","decl":{"start":{"line":53,"column":24},"end":{"line":53,"column":25}},"loc":{"start":{"line":53,"column":30},"end":{"line":55,"column":13}},"line":53},"5":{"name":"(anonymous_5)","decl":{"start":{"line":59,"column":4},"end":{"line":59,"column":5}},"loc":{"start":{"line":59,"column":39},"end":{"line":62,"column":5}},"line":59},"6":{"name":"(anonymous_6)","decl":{"start":{"line":64,"column":4},"end":{"line":64,"column":5}},"loc":{"start":{"line":64,"column":33},"end":{"line":87,"column":5}},"line":64},"7":{"name":"(anonymous_7)","decl":{"start":{"line":68,"column":28},"end":{"line":68,"column":29}},"loc":{"start":{"line":68,"column":34},"end":{"line":72,"column":17}},"line":68},"8":{"name":"(anonymous_8)","decl":{"start":{"line":77,"column":28},"end":{"line":77,"column":29}},"loc":{"start":{"line":77,"column":34},"end":{"line":80,"column":17}},"line":77},"9":{"name":"(anonymous_9)","decl":{"start":{"line":89,"column":4},"end":{"line":89,"column":5}},"loc":{"start":{"line":89,"column":46},"end":{"line":91,"column":5}},"line":89}},"branchMap":{"0":{"loc":{"start":{"line":23,"column":12},"end":{"line":28,"column":13}},"type":"if","locations":[{"start":{"line":23,"column":12},"end":{"line":28,"column":13}},{"start":{},"end":{}}],"line":23},"1":{"loc":{"start":{"line":66,"column":12},"end":{"line":82,"column":13}},"type":"if","locations":[{"start":{"line":66,"column":12},"end":{"line":82,"column":13}},{"start":{"line":74,"column":19},"end":{"line":82,"column":13}}],"line":66}},"s":{"0":0,"1":0,"2":0,"3":0,"4":0,"5":0,"6":0,"7":0,"8":0,"9":0,"10":0,"11":0,"12":0,"13":0,"14":0,"15":0,"16":0,"17":0,"18":0,"19":0,"20":0,"21":0,"22":0,"23":0,"24":0,"25":0,"26":0,"27":0,"28":0,"29":0,"30":0,"31":0,"32":0,"33":0,"34":0,"35":0},"f":{"0":0,"1":0,"2":0,"3":0,"4":0,"5":0,"6":0,"7":0,"8":0,"9":0},"b":{"0":[0,0],"1":[0,0]}}
}
