TN:
SF:src/core/di/Container.ts
FN:8,(anonymous_0)
FN:10,(anonymous_1)
FN:17,(anonymous_2)
FN:21,(anonymous_3)
FN:25,(anonymous_4)
FN:42,(anonymous_5)
FNF:6
FNH:6
FNDA:2,(anonymous_0)
FNDA:4,(anonymous_1)
FNDA:5,(anonymous_2)
FNDA:3,(anonymous_3)
FNDA:9,(anonymous_4)
FNDA:3,(anonymous_5)
DA:5,2
DA:6,2
DA:11,4
DA:12,2
DA:14,4
DA:18,5
DA:22,3
DA:26,9
DA:27,5
DA:30,4
DA:31,3
DA:32,3
DA:35,3
DA:36,3
DA:39,1
DA:43,3
DA:44,3
LF:17
LH:17
BRDA:11,0,0,2
BRDA:11,0,1,2
BRDA:26,1,0,5
BRDA:26,1,1,4
BRDA:30,2,0,3
BRDA:30,2,1,1
BRF:6
BRH:6
end_of_record
TN:
SF:src/core/entities/Password.ts
FN:20,(anonymous_0)
FNF:1
FNH:1
FNDA:6,(anonymous_0)
DA:21,6
DA:22,6
DA:23,6
DA:24,6
DA:25,6
DA:26,6
DA:27,6
LF:7
LH:7
BRDA:25,0,0,6
BRDA:25,0,1,5
BRDA:26,1,0,6
BRDA:26,1,1,5
BRDA:27,2,0,6
BRDA:27,2,1,6
BRF:6
BRH:6
end_of_record
TN:
SF:src/core/entities/base/Entity.ts
FN:6,(anonymous_0)
FN:13,(anonymous_1)
FNF:2
FNH:2
FNDA:8,(anonymous_0)
FNDA:2,(anonymous_1)
DA:7,8
DA:8,8
DA:9,8
DA:10,8
DA:14,2
LF:5
LH:5
BRDA:7,0,0,8
BRDA:7,0,1,6
BRDA:8,1,0,8
BRDA:8,1,1,7
BRDA:9,2,0,8
BRDA:9,2,1,7
BRF:6
BRH:6
end_of_record
TN:
SF:src/core/repositories/PasswordRepository.ts
FN:14,(anonymous_0)
FN:16,(anonymous_1)
FN:29,(anonymous_2)
FN:42,(anonymous_3)
FN:58,(anonymous_4)
FN:60,(anonymous_5)
FN:63,(anonymous_6)
FN:65,(anonymous_7)
FN:74,(anonymous_8)
FN:76,(anonymous_9)
FN:80,(anonymous_10)
FN:84,(anonymous_11)
FN:86,(anonymous_12)
FNF:13
FNH:6
FNDA:5,(anonymous_0)
FNDA:4,(anonymous_1)
FNDA:1,(anonymous_2)
FNDA:2,(anonymous_3)
FNDA:0,(anonymous_4)
FNDA:0,(anonymous_5)
FNDA:2,(anonymous_6)
FNDA:0,(anonymous_7)
FNDA:0,(anonymous_8)
FNDA:0,(anonymous_9)
FNDA:2,(anonymous_10)
FNDA:0,(anonymous_11)
FNDA:0,(anonymous_12)
DA:11,5
DA:12,5
DA:17,4
DA:19,4
DA:20,4
DA:21,4
DA:22,2
DA:23,2
DA:25,2
DA:28,2
DA:29,2
DA:30,1
DA:31,1
DA:33,2
DA:35,0
DA:38,0
DA:43,2
DA:44,2
DA:45,2
DA:46,2
DA:47,1
DA:49,1
DA:51,2
DA:53,0
DA:54,0
DA:59,0
DA:60,0
DA:64,2
DA:65,2
DA:66,2
DA:67,0
DA:69,2
DA:71,2
DA:75,0
DA:76,0
DA:77,0
DA:81,2
DA:85,0
DA:86,0
LF:39
LH:27
BRDA:17,0,0,0
BRDA:17,0,1,4
BRDA:21,1,0,2
BRDA:21,1,1,2
BRDA:28,2,0,2
BRDA:28,2,1,0
BRDA:46,3,0,1
BRDA:46,3,1,1
BRDA:60,4,0,0
BRDA:60,4,1,0
BRDA:66,5,0,0
BRDA:66,5,1,2
BRF:12
BRH:7
end_of_record
TN:
SF:src/core/repositories/base/Repository.ts
FNF:0
FNH:0
LF:0
LH:0
BRF:0
BRH:0
end_of_record
TN:
SF:src/core/services/auth/AuthService.ts
FNF:0
FNH:0
LF:0
LH:0
BRF:0
BRH:0
end_of_record
TN:
SF:src/core/services/auth/GoogleAuthService.ts
FN:7,(anonymous_0)
FN:17,(anonymous_1)
FN:26,(anonymous_2)
FN:42,(anonymous_3)
FN:51,(anonymous_4)
FN:61,(anonymous_5)
FNF:6
FNH:4
FNDA:0,(anonymous_0)
FNDA:4,(anonymous_1)
FNDA:1,(anonymous_2)
FNDA:1,(anonymous_3)
FNDA:0,(anonymous_4)
FNDA:1,(anonymous_5)
DA:8,0
DA:9,0
DA:10,0
DA:12,0
DA:13,0
DA:18,4
DA:27,1
DA:28,1
DA:29,1
DA:31,1
DA:32,1
DA:34,0
DA:37,0
DA:38,0
DA:43,1
DA:44,1
DA:46,0
DA:47,0
DA:52,0
DA:53,0
DA:54,0
DA:56,0
DA:57,0
DA:62,1
LF:24
LH:9
BRDA:31,0,0,1
BRDA:31,0,1,0
BRDA:54,1,0,0
BRDA:54,1,1,0
BRF:4
BRH:1
end_of_record
TN:
SF:src/core/services/encryption/AESEncryptionService.ts
FN:5,(anonymous_0)
FN:14,(anonymous_1)
FN:28,(anonymous_2)
FN:37,(anonymous_3)
FNF:4
FNH:4
FNDA:2,(anonymous_0)
FNDA:2,(anonymous_1)
FNDA:2,(anonymous_2)
FNDA:1,(anonymous_3)
DA:6,2
DA:7,2
DA:8,2
DA:10,0
DA:15,2
DA:16,2
DA:17,2
DA:18,2
DA:20,1
DA:22,1
DA:24,1
DA:30,2
DA:34,2
DA:38,1
LF:14
LH:13
BRDA:18,0,0,1
BRDA:18,0,1,1
BRF:2
BRH:2
end_of_record
TN:
SF:src/core/services/encryption/EncryptionService.ts
FNF:0
FNH:0
LF:0
LH:0
BRF:0
BRH:0
end_of_record
TN:
SF:src/core/services/encryption/KeychainManager.ts
FN:7,(anonymous_0)
FN:20,(anonymous_1)
FN:36,(anonymous_2)
FNF:3
FNH:3
FNDA:1,(anonymous_0)
FNDA:2,(anonymous_1)
FNDA:1,(anonymous_2)
DA:5,2
DA:8,1
DA:9,1
DA:13,1
DA:15,0
DA:16,0
DA:21,2
DA:22,2
DA:25,2
DA:26,1
DA:28,1
DA:30,0
DA:32,0
DA:37,1
DA:38,1
DA:42,0
DA:43,0
LF:17
LH:11
BRDA:25,0,0,1
BRDA:25,0,1,1
BRF:2
BRH:2
end_of_record
TN:
SF:src/core/services/ocr/GeminiOCRService.ts
FN:9,(anonymous_0)
FNF:1
FNH:1
FNDA:3,(anonymous_0)
DA:7,4
DA:10,3
DA:11,3
DA:18,3
DA:32,3
DA:37,2
DA:38,2
DA:39,0
DA:43,2
DA:45,2
DA:48,1
DA:49,1
LF:12
LH:11
BRDA:38,0,0,0
BRDA:38,0,1,2
BRF:2
BRH:1
end_of_record
TN:
SF:src/core/services/ocr/OCRService.ts
FNF:0
FNH:0
LF:0
LH:0
BRF:0
BRH:0
end_of_record
TN:
SF:src/core/services/storage/GoogleDriveService.ts
FN:15,(anonymous_0)
FN:17,(anonymous_1)
FN:28,(anonymous_2)
FN:47,(anonymous_3)
FN:103,(anonymous_4)
FN:108,(anonymous_5)
FN:122,(anonymous_6)
FN:142,(anonymous_7)
FNF:8
FNH:7
FNDA:6,(anonymous_0)
FNDA:3,(anonymous_1)
FNDA:1,(anonymous_2)
FNDA:1,(anonymous_3)
FNDA:0,(anonymous_4)
FNDA:1,(anonymous_5)
FNDA:1,(anonymous_6)
FNDA:1,(anonymous_7)
DA:12,6
DA:13,6
DA:18,3
DA:19,3
DA:20,0
DA:22,3
DA:29,1
DA:30,1
DA:31,1
DA:32,1
DA:40,1
DA:42,0
DA:43,0
DA:48,1
DA:49,1
DA:53,1
DA:55,1
DA:61,1
DA:62,1
DA:63,1
DA:75,1
DA:76,1
DA:77,1
DA:80,1
DA:88,1
DA:94,1
DA:97,0
DA:98,0
DA:104,0
DA:105,0
DA:109,1
DA:110,1
DA:111,1
DA:115,1
DA:117,0
DA:118,0
DA:123,1
DA:126,1
DA:127,1
DA:129,1
DA:135,1
DA:137,0
DA:138,0
DA:143,1
DA:144,1
DA:145,1
DA:147,0
DA:148,0
LF:48
LH:35
BRDA:19,0,0,0
BRDA:19,0,1,3
BRDA:31,1,0,0
BRDA:31,1,1,1
BRDA:40,2,0,1
BRDA:40,2,1,0
BRDA:47,3,0,1
BRDA:53,4,0,0
BRDA:53,4,1,1
BRDA:105,5,0,0
BRDA:105,5,1,0
BRDA:122,6,0,1
BRDA:127,7,0,0
BRDA:127,7,1,1
BRF:14
BRH:7
end_of_record
TN:
SF:src/core/use-cases/password/PasswordUseCases.ts
FN:6,(anonymous_0)
FN:11,(anonymous_1)
FN:30,(anonymous_2)
FN:35,(anonymous_3)
FN:43,(anonymous_4)
FNF:5
FNH:5
FNDA:2,(anonymous_0)
FNDA:1,(anonymous_1)
FNDA:2,(anonymous_2)
FNDA:1,(anonymous_3)
FNDA:1,(anonymous_4)
DA:13,1
DA:14,1
DA:15,1
DA:17,1
DA:24,1
DA:25,1
DA:36,1
DA:43,1
DA:44,1
DA:45,1
DA:46,1
DA:47,1
DA:49,1
DA:66,0
DA:67,0
LF:15
LH:13
BRDA:15,0,0,1
BRDA:15,0,1,0
BRDA:47,1,0,0
BRDA:47,1,1,1
BRF:4
BRH:2
end_of_record
TN:
SF:src/infrastructure/config/AppConfig.ts
FNF:0
FNH:0
DA:1,5
LF:1
LH:1
BRDA:2,0,0,5
BRDA:2,0,1,4
BRDA:3,1,0,5
BRDA:3,1,1,4
BRDA:5,2,0,5
BRDA:5,2,1,5
BRDA:7,3,0,5
BRDA:7,3,1,5
BRDA:8,4,0,5
BRDA:8,4,1,5
BRDA:9,5,0,5
BRDA:9,5,1,5
BRDA:13,6,0,5
BRDA:13,6,1,5
BRF:14
BRH:14
end_of_record
TN:
SF:src/infrastructure/utils/ErrorHandler.ts
FN:4,(anonymous_0)
FN:10,(anonymous_1)
FNF:2
FNH:2
FNDA:1,(anonymous_0)
FNDA:3,(anonymous_1)
DA:5,1
DA:11,3
DA:12,1
DA:13,2
DA:14,1
DA:16,1
LF:6
LH:6
BRDA:11,0,0,1
BRDA:11,0,1,2
BRDA:13,1,0,1
BRDA:13,1,1,1
BRF:4
BRH:4
end_of_record
TN:
SF:src/infrastructure/utils/Logger.ts
FN:9,(anonymous_0)
FN:15,(anonymous_1)
FN:19,(anonymous_2)
FN:23,(anonymous_3)
FNF:4
FNH:4
FNDA:1,(anonymous_0)
FNDA:1,(anonymous_1)
FNDA:1,(anonymous_2)
FNDA:3,(anonymous_3)
DA:10,1
DA:11,1
DA:16,1
DA:20,1
DA:24,3
LF:5
LH:5
BRDA:10,0,0,1
BRDA:10,0,1,0
BRF:2
BRH:1
end_of_record
TN:
SF:src/presentation/components/common/Button.tsx
FN:15,(anonymous_0)
FNF:1
FNH:1
FNDA:1,(anonymous_0)
DA:15,1
DA:16,1
DA:30,1
LF:3
LH:3
BRDA:15,0,0,1
BRDA:21,1,0,1
BRDA:21,1,1,1
BRF:3
BRH:3
end_of_record
TN:
SF:src/presentation/screens/AuthScreen.tsx
FN:9,(anonymous_0)
FN:12,(anonymous_1)
FNF:2
FNH:1
FNDA:1,(anonymous_0)
FNDA:0,(anonymous_1)
DA:9,1
DA:10,1
DA:12,1
DA:13,0
DA:16,1
DA:45,1
LF:6
LH:5
BRDA:21,0,0,1
BRDA:21,0,1,0
BRF:2
BRH:1
end_of_record
TN:
SF:src/state/RootStore.ts
FN:16,(anonymous_0)
FN:25,(anonymous_1)
FN:26,(anonymous_2)
FNF:3
FNH:3
FNDA:1,(anonymous_0)
FNDA:1,(anonymous_1)
FNDA:1,(anonymous_2)
DA:17,1
DA:20,1
DA:21,1
DA:22,1
DA:25,1
DA:26,1
DA:27,1
DA:30,1
DA:31,1
DA:32,1
DA:33,1
DA:36,1
DA:37,1
LF:13
LH:13
BRF:0
BRH:0
end_of_record
TN:
SF:src/state/StoreContext.tsx
FN:8,(anonymous_0)
FN:21,(anonymous_1)
FNF:2
FNH:2
FNDA:1,(anonymous_0)
FNDA:2,(anonymous_1)
DA:6,1
DA:8,1
DA:10,1
DA:11,1
DA:14,1
DA:21,1
DA:22,2
DA:23,2
DA:24,0
DA:26,2
LF:10
LH:9
BRDA:10,0,0,1
BRDA:10,0,1,0
BRDA:23,1,0,0
BRDA:23,1,1,2
BRF:4
BRH:2
end_of_record
TN:
SF:src/state/stores/AuthStore.ts
FN:10,(anonymous_0)
FN:14,(anonymous_1)
FN:19,(anonymous_2)
FN:24,(anonymous_3)
FN:32,(anonymous_4)
FN:36,(anonymous_5)
FN:41,(anonymous_6)
FNF:7
FNH:6
FNDA:4,(anonymous_0)
FNDA:2,(anonymous_1)
FNDA:1,(anonymous_2)
FNDA:1,(anonymous_3)
FNDA:1,(anonymous_4)
FNDA:1,(anonymous_5)
FNDA:0,(anonymous_6)
DA:6,4
DA:7,4
DA:8,4
DA:11,4
DA:15,2
DA:16,2
DA:17,2
DA:18,2
DA:19,1
DA:20,1
DA:21,1
DA:24,1
DA:25,1
DA:26,1
DA:28,1
DA:33,1
DA:34,1
DA:35,1
DA:36,1
DA:37,1
DA:38,1
DA:41,0
DA:42,0
DA:43,0
DA:45,0
LF:25
LH:21
BRDA:25,0,0,1
BRDA:25,0,1,0
BRDA:42,1,0,0
BRDA:42,1,1,0
BRF:4
BRH:1
end_of_record
TN:
SF:src/state/stores/PasswordStore.ts
FN:21,(anonymous_0)
FN:29,(anonymous_1)
FN:33,(anonymous_2)
FN:60,(anonymous_3)
FN:65,(anonymous_4)
FN:72,(anonymous_5)
FN:77,(anonymous_6)
FN:89,(anonymous_7)
FN:95,(anonymous_8)
FN:100,(anonymous_9)
FN:105,(anonymous_10)
FN:109,(anonymous_11)
FN:115,(anonymous_12)
FN:126,(anonymous_13)
FN:130,(anonymous_14)
FN:136,(anonymous_15)
FNF:16
FNH:13
FNDA:7,(anonymous_0)
FNDA:2,(anonymous_1)
FNDA:3,(anonymous_2)
FNDA:0,(anonymous_3)
FNDA:3,(anonymous_4)
FNDA:2,(anonymous_5)
FNDA:1,(anonymous_6)
FNDA:2,(anonymous_7)
FNDA:5,(anonymous_8)
FNDA:5,(anonymous_9)
FNDA:0,(anonymous_10)
FNDA:5,(anonymous_11)
FNDA:1,(anonymous_12)
FNDA:0,(anonymous_13)
FNDA:1,(anonymous_14)
FNDA:1,(anonymous_15)
DA:15,7
DA:16,7
DA:17,7
DA:18,7
DA:19,7
DA:26,7
DA:30,2
DA:34,3
DA:35,3
DA:36,3
DA:54,3
DA:55,3
DA:56,3
DA:57,3
DA:59,0
DA:60,0
DA:61,0
DA:63,0
DA:65,3
DA:66,3
DA:73,2
DA:74,2
DA:75,2
DA:76,2
DA:77,1
DA:78,1
DA:79,1
DA:81,1
DA:82,1
DA:84,1
DA:86,0
DA:87,0
DA:89,2
DA:90,2
DA:96,5
DA:97,5
DA:98,5
DA:99,5
DA:100,5
DA:101,5
DA:104,0
DA:105,0
DA:106,0
DA:109,5
DA:110,5
DA:116,1
DA:117,0
DA:118,0
DA:120,1
DA:121,1
DA:122,1
DA:123,1
DA:125,0
DA:126,0
DA:127,0
DA:130,1
DA:131,1
DA:137,1
DA:138,1
DA:139,1
LF:60
LH:46
BRDA:76,0,0,1
BRDA:76,0,1,1
BRDA:96,1,0,0
BRDA:96,1,1,5
BRDA:116,2,0,0
BRDA:116,2,1,1
BRF:6
BRH:4
end_of_record
