TN:
SF:src/core/di/Container.ts
FN:8,(anonymous_0)
FN:10,(anonymous_1)
FN:17,(anonymous_2)
FN:21,(anonymous_3)
FN:25,(anonymous_4)
FN:42,(anonymous_5)
FNF:6
FNH:6
FNDA:2,(anonymous_0)
FNDA:4,(anonymous_1)
FNDA:5,(anonymous_2)
FNDA:7,(anonymous_3)
FNDA:21,(anonymous_4)
FNDA:3,(anonymous_5)
DA:5,2
DA:6,2
DA:11,4
DA:12,2
DA:14,4
DA:18,5
DA:22,7
DA:26,21
DA:27,13
DA:30,8
DA:31,7
DA:32,7
DA:35,7
DA:36,7
DA:39,1
DA:43,3
DA:44,3
LF:17
LH:17
BRDA:11,0,0,2
BRDA:11,0,1,2
BRDA:26,1,0,13
BRDA:26,1,1,8
BRDA:30,2,0,7
BRDA:30,2,1,1
BRF:6
BRH:6
end_of_record
TN:
SF:src/core/entities/Document.ts
FN:28,(anonymous_0)
FN:44,(anonymous_1)
FNF:2
FNH:1
FNDA:6,(anonymous_0)
FNDA:0,(anonymous_1)
DA:29,6
DA:30,6
DA:31,6
DA:32,6
DA:33,6
DA:34,6
DA:35,6
DA:45,0
DA:46,0
DA:47,0
LF:10
LH:7
BRDA:31,0,0,6
BRDA:31,0,1,5
BRDA:33,1,0,6
BRDA:33,1,1,0
BRDA:34,2,0,6
BRDA:34,2,1,5
BRDA:35,3,0,6
BRDA:35,3,1,3
BRDA:46,4,0,0
BRDA:46,4,1,0
BRF:10
BRH:7
end_of_record
TN:
SF:src/core/entities/Password.ts
FN:35,(anonymous_0)
FNF:1
FNH:1
FNDA:6,(anonymous_0)
DA:36,6
DA:37,6
DA:38,6
DA:39,6
DA:40,6
DA:41,6
DA:42,6
LF:7
LH:7
BRDA:40,0,0,6
BRDA:40,0,1,5
BRDA:41,1,0,6
BRDA:41,1,1,5
BRDA:42,2,0,6
BRDA:42,2,1,6
BRF:6
BRH:6
end_of_record
TN:
SF:src/core/entities/base/Entity.ts
FN:10,(anonymous_0)
FN:17,(anonymous_1)
FN:25,(anonymous_2)
FNF:3
FNH:2
FNDA:14,(anonymous_0)
FNDA:2,(anonymous_1)
FNDA:0,(anonymous_2)
DA:11,14
DA:12,14
DA:13,14
DA:14,14
DA:18,2
DA:27,0
LF:6
LH:5
BRDA:11,0,0,14
BRDA:11,0,1,9
BRDA:12,1,0,14
BRDA:12,1,1,10
BRDA:13,2,0,14
BRDA:13,2,1,10
BRF:6
BRH:6
end_of_record
TN:
SF:src/core/repositories/DocumentRepository.ts
FN:14,(anonymous_0)
FN:16,(anonymous_1)
FN:27,(anonymous_2)
FN:38,(anonymous_3)
FN:54,(anonymous_4)
FN:56,(anonymous_5)
FN:59,(anonymous_6)
FN:61,(anonymous_7)
FN:70,(anonymous_8)
FN:72,(anonymous_9)
FN:76,(anonymous_10)
FN:80,(anonymous_11)
FN:83,(anonymous_12)
FN:86,(anonymous_13)
FNF:14
FNH:7
FNDA:4,(anonymous_0)
FNDA:4,(anonymous_1)
FNDA:3,(anonymous_2)
FNDA:0,(anonymous_3)
FNDA:0,(anonymous_4)
FNDA:0,(anonymous_5)
FNDA:0,(anonymous_6)
FNDA:0,(anonymous_7)
FNDA:0,(anonymous_8)
FNDA:0,(anonymous_9)
FNDA:4,(anonymous_10)
FNDA:2,(anonymous_11)
FNDA:4,(anonymous_12)
FNDA:2,(anonymous_13)
DA:11,4
DA:12,4
DA:17,4
DA:19,3
DA:20,3
DA:21,3
DA:22,1
DA:23,1
DA:25,2
DA:26,2
DA:27,2
DA:28,3
DA:29,3
DA:31,2
DA:33,0
DA:34,0
DA:39,0
DA:40,0
DA:41,0
DA:42,0
DA:43,0
DA:45,0
DA:47,0
DA:49,0
DA:50,0
DA:55,0
DA:56,0
DA:60,0
DA:61,0
DA:62,0
DA:63,0
DA:65,0
DA:67,0
DA:71,0
DA:72,0
DA:73,0
DA:77,4
DA:81,2
DA:82,2
DA:83,2
DA:84,4
DA:86,2
LF:42
LH:20
BRDA:17,0,0,1
BRDA:17,0,1,3
BRDA:21,1,0,1
BRDA:21,1,1,2
BRDA:26,2,0,2
BRDA:26,2,1,0
BRDA:42,3,0,0
BRDA:42,3,1,0
BRDA:56,4,0,0
BRDA:56,4,1,0
BRDA:62,5,0,0
BRDA:62,5,1,0
BRDA:84,6,0,4
BRDA:84,6,1,4
BRDA:84,6,2,3
BRF:15
BRH:8
end_of_record
TN:
SF:src/core/repositories/PasswordRepository.ts
FN:14,(anonymous_0)
FN:16,(anonymous_1)
FN:29,(anonymous_2)
FN:42,(anonymous_3)
FN:58,(anonymous_4)
FN:60,(anonymous_5)
FN:63,(anonymous_6)
FN:65,(anonymous_7)
FN:74,(anonymous_8)
FN:76,(anonymous_9)
FN:80,(anonymous_10)
FN:84,(anonymous_11)
FN:86,(anonymous_12)
FNF:13
FNH:6
FNDA:5,(anonymous_0)
FNDA:4,(anonymous_1)
FNDA:1,(anonymous_2)
FNDA:2,(anonymous_3)
FNDA:0,(anonymous_4)
FNDA:0,(anonymous_5)
FNDA:2,(anonymous_6)
FNDA:0,(anonymous_7)
FNDA:0,(anonymous_8)
FNDA:0,(anonymous_9)
FNDA:2,(anonymous_10)
FNDA:0,(anonymous_11)
FNDA:0,(anonymous_12)
DA:11,5
DA:12,5
DA:17,4
DA:19,4
DA:20,4
DA:21,4
DA:22,2
DA:23,2
DA:25,2
DA:28,2
DA:29,2
DA:30,1
DA:31,1
DA:33,2
DA:35,0
DA:38,0
DA:43,2
DA:44,2
DA:45,2
DA:46,2
DA:47,1
DA:49,1
DA:51,2
DA:53,0
DA:54,0
DA:59,0
DA:60,0
DA:64,2
DA:65,2
DA:66,2
DA:67,0
DA:69,2
DA:71,2
DA:75,0
DA:76,0
DA:77,0
DA:81,2
DA:85,0
DA:86,0
LF:39
LH:27
BRDA:17,0,0,0
BRDA:17,0,1,4
BRDA:21,1,0,2
BRDA:21,1,1,2
BRDA:28,2,0,2
BRDA:28,2,1,0
BRDA:46,3,0,1
BRDA:46,3,1,1
BRDA:60,4,0,0
BRDA:60,4,1,0
BRDA:66,5,0,0
BRDA:66,5,1,2
BRF:12
BRH:7
end_of_record
TN:
SF:src/core/repositories/base/Repository.ts
FNF:0
FNH:0
LF:0
LH:0
BRF:0
BRH:0
end_of_record
TN:
SF:src/core/services/ai/GeminiChatService.ts
FN:21,(anonymous_0)
FN:29,(anonymous_1)
FN:46,(anonymous_2)
FN:62,(anonymous_3)
FN:81,(anonymous_4)
FN:119,(anonymous_5)
FNF:6
FNH:4
FNDA:3,(anonymous_0)
FNDA:2,(anonymous_1)
FNDA:2,(anonymous_2)
FNDA:2,(anonymous_3)
FNDA:0,(anonymous_4)
FNDA:0,(anonymous_5)
DA:19,3
DA:30,2
DA:31,1
DA:35,1
DA:36,1
DA:37,0
DA:39,1
DA:47,2
DA:48,1
DA:49,1
DA:50,1
DA:52,1
DA:63,2
DA:64,2
DA:65,2
DA:67,2
DA:73,2
DA:81,2
DA:87,2
DA:92,2
DA:99,2
DA:101,2
DA:102,2
DA:103,0
DA:106,2
DA:109,0
DA:110,0
DA:120,0
LF:28
LH:23
BRDA:30,0,0,1
BRDA:30,0,1,1
BRDA:36,1,0,0
BRDA:36,1,1,1
BRDA:47,2,0,1
BRDA:47,2,1,1
BRDA:49,3,0,0
BRDA:49,3,1,1
BRDA:73,4,0,0
BRDA:73,4,1,2
BRDA:82,5,0,0
BRDA:82,5,1,0
BRDA:89,6,0,0
BRDA:89,6,1,2
BRDA:102,7,0,0
BRDA:102,7,1,2
BRF:16
BRH:9
end_of_record
TN:
SF:src/core/services/ai/GeminiTranscriptionService.ts
FN:15,(anonymous_0)
FN:20,(anonymous_1)
FN:33,(anonymous_2)
FN:42,(anonymous_3)
FNF:4
FNH:4
FNDA:2,(anonymous_0)
FNDA:1,(anonymous_1)
FNDA:1,(anonymous_2)
FNDA:1,(anonymous_3)
DA:13,2
DA:21,1
DA:22,1
DA:24,0
DA:25,0
DA:26,0
DA:34,1
DA:35,1
DA:36,1
DA:37,1
DA:39,0
DA:43,1
DA:44,1
DA:45,1
DA:47,1
DA:49,1
DA:63,1
DA:64,1
DA:66,1
DA:68,1
DA:70,0
DA:71,0
LF:22
LH:16
BRDA:21,0,0,1
BRDA:21,0,1,0
BRDA:25,1,0,0
BRDA:25,1,1,0
BRDA:34,2,0,1
BRDA:34,2,1,0
BRDA:36,3,0,0
BRDA:36,3,1,1
BRDA:42,4,0,0
BRDA:66,5,0,0
BRDA:66,5,1,1
BRF:11
BRH:4
end_of_record
TN:
SF:src/core/services/audio/AudioRecorderService.ts
FN:14,(anonymous_0)
FN:24,(anonymous_1)
FN:45,(anonymous_2)
FN:59,(anonymous_3)
FNF:4
FNH:3
FNDA:3,(anonymous_0)
FNDA:3,(anonymous_1)
FNDA:1,(anonymous_2)
FNDA:0,(anonymous_3)
DA:12,4
DA:15,3
DA:16,3
DA:17,3
DA:19,0
DA:20,0
DA:25,3
DA:26,3
DA:27,3
DA:29,2
DA:34,2
DA:38,2
DA:40,1
DA:41,1
DA:46,1
DA:48,1
DA:49,1
DA:50,1
DA:51,1
DA:52,1
DA:54,0
DA:55,0
DA:60,0
DA:61,0
LF:24
LH:18
BRDA:27,0,0,1
BRDA:27,0,1,2
BRDA:46,1,0,0
BRDA:46,1,1,1
BRDA:60,2,0,0
BRDA:60,2,1,0
BRF:6
BRH:3
end_of_record
TN:
SF:src/core/services/auth/AuthService.ts
FNF:0
FNH:0
LF:0
LH:0
BRF:0
BRH:0
end_of_record
TN:
SF:src/core/services/auth/GoogleAuthService.ts
FN:7,(anonymous_0)
FN:17,(anonymous_1)
FN:26,(anonymous_2)
FN:42,(anonymous_3)
FN:51,(anonymous_4)
FN:61,(anonymous_5)
FNF:6
FNH:4
FNDA:0,(anonymous_0)
FNDA:4,(anonymous_1)
FNDA:1,(anonymous_2)
FNDA:1,(anonymous_3)
FNDA:0,(anonymous_4)
FNDA:1,(anonymous_5)
DA:8,0
DA:9,0
DA:10,0
DA:12,0
DA:13,0
DA:18,4
DA:27,1
DA:28,1
DA:29,1
DA:31,1
DA:32,1
DA:34,0
DA:37,0
DA:38,0
DA:43,1
DA:44,1
DA:46,0
DA:47,0
DA:52,0
DA:53,0
DA:54,0
DA:56,0
DA:57,0
DA:62,1
LF:24
LH:9
BRDA:31,0,0,1
BRDA:31,0,1,0
BRDA:54,1,0,0
BRDA:54,1,1,0
BRF:4
BRH:1
end_of_record
TN:
SF:src/core/services/encryption/AESEncryptionService.ts
FN:5,(anonymous_0)
FN:14,(anonymous_1)
FN:28,(anonymous_2)
FN:37,(anonymous_3)
FNF:4
FNH:4
FNDA:2,(anonymous_0)
FNDA:2,(anonymous_1)
FNDA:2,(anonymous_2)
FNDA:1,(anonymous_3)
DA:6,2
DA:7,2
DA:8,2
DA:10,0
DA:15,2
DA:16,2
DA:17,2
DA:18,2
DA:20,1
DA:22,1
DA:24,1
DA:30,2
DA:34,2
DA:38,1
LF:14
LH:13
BRDA:18,0,0,1
BRDA:18,0,1,1
BRF:2
BRH:2
end_of_record
TN:
SF:src/core/services/encryption/EncryptionService.ts
FNF:0
FNH:0
LF:0
LH:0
BRF:0
BRH:0
end_of_record
TN:
SF:src/core/services/encryption/KeychainManager.ts
FN:7,(anonymous_0)
FN:20,(anonymous_1)
FN:36,(anonymous_2)
FN:46,(anonymous_3)
FN:50,(anonymous_4)
FN:63,(anonymous_5)
FN:78,(anonymous_6)
FNF:7
FNH:5
FNDA:1,(anonymous_0)
FNDA:2,(anonymous_1)
FNDA:1,(anonymous_2)
FNDA:1,(anonymous_3)
FNDA:0,(anonymous_4)
FNDA:1,(anonymous_5)
FNDA:0,(anonymous_6)
DA:5,2
DA:8,1
DA:9,1
DA:13,1
DA:15,0
DA:16,0
DA:21,2
DA:22,2
DA:25,2
DA:26,1
DA:28,1
DA:30,0
DA:32,0
DA:37,1
DA:38,1
DA:42,0
DA:43,0
DA:47,1
DA:51,0
DA:52,0
DA:56,0
DA:58,0
DA:59,0
DA:64,1
DA:65,1
DA:68,1
DA:69,0
DA:71,1
DA:73,0
DA:74,0
DA:79,0
DA:80,0
DA:84,0
DA:85,0
LF:34
LH:16
BRDA:25,0,0,1
BRDA:25,0,1,1
BRDA:68,1,0,0
BRDA:68,1,1,1
BRF:4
BRH:3
end_of_record
TN:
SF:src/core/services/ocr/GeminiOCRService.ts
FN:13,(anonymous_0)
FN:18,(anonymous_1)
FN:50,(anonymous_2)
FN:64,(anonymous_3)
FN:113,(anonymous_4)
FNF:5
FNH:4
FNDA:4,(anonymous_0)
FNDA:3,(anonymous_1)
FNDA:3,(anonymous_2)
FNDA:3,(anonymous_3)
FNDA:0,(anonymous_4)
DA:11,4
DA:19,3
DA:24,2
DA:29,1
DA:30,1
DA:31,0
DA:33,1
DA:51,3
DA:52,2
DA:53,2
DA:54,1
DA:56,1
DA:65,3
DA:66,3
DA:67,3
DA:69,2
DA:76,2
DA:90,2
DA:92,2
DA:93,2
DA:94,0
DA:98,2
DA:100,2
DA:103,1
DA:104,1
DA:114,0
DA:115,0
DA:116,0
DA:118,0
DA:120,0
DA:134,0
DA:135,0
DA:137,0
DA:139,0
DA:141,0
DA:142,0
LF:36
LH:23
BRDA:19,0,0,2
BRDA:19,0,1,1
BRDA:30,1,0,0
BRDA:30,1,1,1
BRDA:51,2,0,2
BRDA:51,2,1,1
BRDA:53,3,0,1
BRDA:53,3,1,1
BRDA:93,4,0,0
BRDA:93,4,1,2
BRDA:137,5,0,0
BRDA:137,5,1,0
BRF:12
BRH:8
end_of_record
TN:
SF:src/core/services/ocr/OCRService.ts
FNF:0
FNH:0
LF:0
LH:0
BRF:0
BRH:0
end_of_record
TN:
SF:src/core/services/storage/GoogleDriveService.ts
FN:15,(anonymous_0)
FN:17,(anonymous_1)
FN:28,(anonymous_2)
FN:47,(anonymous_3)
FN:103,(anonymous_4)
FN:108,(anonymous_5)
FN:122,(anonymous_6)
FN:142,(anonymous_7)
FNF:8
FNH:7
FNDA:6,(anonymous_0)
FNDA:3,(anonymous_1)
FNDA:1,(anonymous_2)
FNDA:1,(anonymous_3)
FNDA:0,(anonymous_4)
FNDA:1,(anonymous_5)
FNDA:1,(anonymous_6)
FNDA:1,(anonymous_7)
DA:12,6
DA:13,6
DA:18,3
DA:19,3
DA:20,0
DA:22,3
DA:29,1
DA:30,1
DA:31,1
DA:32,1
DA:40,1
DA:42,0
DA:43,0
DA:48,1
DA:49,1
DA:53,1
DA:55,1
DA:61,1
DA:62,1
DA:63,1
DA:75,1
DA:76,1
DA:77,1
DA:80,1
DA:88,1
DA:94,1
DA:97,0
DA:98,0
DA:104,0
DA:105,0
DA:109,1
DA:110,1
DA:111,1
DA:115,1
DA:117,0
DA:118,0
DA:123,1
DA:126,1
DA:127,1
DA:129,1
DA:135,1
DA:137,0
DA:138,0
DA:143,1
DA:144,1
DA:145,1
DA:147,0
DA:148,0
LF:48
LH:35
BRDA:19,0,0,0
BRDA:19,0,1,3
BRDA:31,1,0,0
BRDA:31,1,1,1
BRDA:40,2,0,1
BRDA:40,2,1,0
BRDA:47,3,0,1
BRDA:53,4,0,0
BRDA:53,4,1,1
BRDA:105,5,0,0
BRDA:105,5,1,0
BRDA:122,6,0,1
BRDA:127,7,0,0
BRDA:127,7,1,1
BRF:14
BRH:7
end_of_record
TN:
SF:src/core/use-cases/document/DocumentUseCases.ts
FN:7,(anonymous_0)
FN:12,(anonymous_1)
FN:35,(anonymous_2)
FN:40,(anonymous_3)
FNF:4
FNH:3
FNDA:4,(anonymous_0)
FNDA:3,(anonymous_1)
FNDA:1,(anonymous_2)
FNDA:0,(anonymous_3)
DA:13,3
DA:15,3
DA:16,1
DA:19,3
DA:29,3
DA:30,3
DA:41,0
DA:42,0
DA:45,0
LF:9
LH:6
BRDA:13,0,0,3
BRDA:13,0,1,1
BRDA:15,1,0,1
BRDA:15,1,1,2
BRDA:15,2,0,3
BRDA:15,2,1,1
BRDA:21,3,0,1
BRDA:21,3,1,2
BRDA:42,4,0,0
BRDA:42,4,1,0
BRF:10
BRH:8
end_of_record
TN:
SF:src/core/use-cases/document/VoiceNoteUseCases.ts
FN:6,(anonymous_0)
FN:11,(anonymous_1)
FN:15,(anonymous_2)
FN:19,(anonymous_3)
FNF:4
FNH:4
FNDA:2,(anonymous_0)
FNDA:1,(anonymous_1)
FNDA:1,(anonymous_2)
FNDA:1,(anonymous_3)
DA:12,1
DA:16,1
DA:21,1
DA:26,1
DA:28,1
LF:5
LH:5
BRDA:26,0,0,1
BRDA:26,0,1,0
BRF:2
BRH:1
end_of_record
TN:
SF:src/core/use-cases/password/PasswordUseCases.ts
FN:6,(anonymous_0)
FN:11,(anonymous_1)
FN:30,(anonymous_2)
FN:35,(anonymous_3)
FN:43,(anonymous_4)
FNF:5
FNH:5
FNDA:2,(anonymous_0)
FNDA:1,(anonymous_1)
FNDA:2,(anonymous_2)
FNDA:1,(anonymous_3)
FNDA:1,(anonymous_4)
DA:13,1
DA:14,1
DA:15,1
DA:17,1
DA:24,1
DA:25,1
DA:36,1
DA:43,1
DA:44,1
DA:45,1
DA:46,1
DA:47,1
DA:49,1
DA:66,0
DA:67,0
LF:15
LH:13
BRDA:15,0,0,1
BRDA:15,0,1,0
BRDA:47,1,0,0
BRDA:47,1,1,1
BRF:4
BRH:2
end_of_record
TN:
SF:src/infrastructure/config/AppConfig.ts
FNF:0
FNH:0
DA:1,4
LF:1
LH:1
BRDA:2,0,0,4
BRDA:2,0,1,3
BRDA:3,1,0,4
BRDA:3,1,1,3
BRDA:5,2,0,4
BRDA:5,2,1,4
BRDA:7,3,0,4
BRDA:7,3,1,4
BRDA:8,4,0,4
BRDA:8,4,1,4
BRDA:9,5,0,4
BRDA:9,5,1,4
BRDA:13,6,0,4
BRDA:13,6,1,4
BRF:14
BRH:14
end_of_record
TN:
SF:src/infrastructure/utils/ErrorHandler.ts
FN:4,(anonymous_0)
FN:10,(anonymous_1)
FNF:2
FNH:2
FNDA:1,(anonymous_0)
FNDA:3,(anonymous_1)
DA:5,1
DA:11,3
DA:12,1
DA:13,2
DA:14,1
DA:16,1
LF:6
LH:6
BRDA:11,0,0,1
BRDA:11,0,1,2
BRDA:13,1,0,1
BRDA:13,1,1,1
BRF:4
BRH:4
end_of_record
TN:
SF:src/infrastructure/utils/Logger.ts
FN:9,(anonymous_0)
FN:15,(anonymous_1)
FN:21,(anonymous_2)
FN:27,(anonymous_3)
FNF:4
FNH:4
FNDA:1,(anonymous_0)
FNDA:1,(anonymous_1)
FNDA:1,(anonymous_2)
FNDA:5,(anonymous_3)
DA:10,1
DA:11,1
DA:16,1
DA:17,1
DA:22,1
DA:23,1
DA:28,5
LF:7
LH:7
BRDA:10,0,0,1
BRDA:10,0,1,0
BRDA:16,1,0,1
BRDA:16,1,1,0
BRDA:22,2,0,1
BRDA:22,2,1,0
BRF:6
BRH:3
end_of_record
TN:
SF:src/presentation/components/common/Button.tsx
FN:15,(anonymous_0)
FNF:1
FNH:0
FNDA:0,(anonymous_0)
DA:15,1
DA:16,0
DA:30,1
LF:3
LH:2
BRDA:15,0,0,0
BRDA:21,1,0,0
BRDA:21,1,1,0
BRF:3
BRH:0
end_of_record
TN:
SF:src/presentation/components/common/ErrorBoundary.tsx
FN:17,(anonymous_0)
FN:22,(anonymous_1)
FN:26,(anonymous_2)
FN:30,(anonymous_3)
FN:35,(anonymous_4)
FNF:5
FNH:4
FNDA:1,(anonymous_0)
FNDA:2,(anonymous_1)
FNDA:1,(anonymous_2)
FNDA:0,(anonymous_3)
FNDA:3,(anonymous_4)
DA:18,1
DA:19,1
DA:23,2
DA:27,1
DA:30,1
DA:32,0
DA:36,3
DA:37,2
DA:48,1
DA:52,1
LF:10
LH:9
BRDA:36,0,0,2
BRDA:36,0,1,1
BRF:2
BRH:2
end_of_record
TN:
SF:src/presentation/navigation/AppNavigator.tsx
FN:11,(anonymous_0)
FN:15,(anonymous_1)
FNF:2
FNH:2
FNDA:3,(anonymous_0)
FNDA:1,(anonymous_1)
DA:9,1
DA:11,1
DA:12,3
DA:13,3
DA:15,3
DA:17,1
DA:20,3
DA:21,1
DA:28,2
LF:9
LH:9
BRDA:20,0,0,1
BRDA:20,0,1,2
BRDA:30,1,0,2
BRDA:30,1,1,0
BRF:4
BRH:3
end_of_record
TN:
SF:src/presentation/navigation/MainTabNavigator.tsx
FN:17,(anonymous_0)
FN:25,(anonymous_1)
FN:33,(anonymous_2)
FN:36,(anonymous_3)
FN:38,(anonymous_4)
FNF:5
FNH:0
FNDA:0,(anonymous_0)
FNDA:0,(anonymous_1)
FNDA:0,(anonymous_2)
FNDA:0,(anonymous_3)
FNDA:0,(anonymous_4)
DA:13,1
DA:14,1
DA:15,1
DA:17,1
DA:18,0
DA:25,1
DA:26,0
DA:33,1
DA:34,0
DA:36,0
DA:39,0
DA:40,0
DA:41,0
DA:42,0
DA:43,0
DA:44,0
DA:45,0
DA:47,0
LF:18
LH:6
BRDA:40,0,0,0
BRDA:40,0,1,0
BRDA:41,1,0,0
BRDA:41,1,1,0
BRDA:42,2,0,0
BRDA:42,2,1,0
BRDA:43,3,0,0
BRDA:43,3,1,0
BRDA:44,4,0,0
BRDA:44,4,1,0
BRDA:45,5,0,0
BRDA:45,5,1,0
BRF:12
BRH:0
end_of_record
TN:
SF:src/presentation/screens/AuthScreen.tsx
FN:9,(anonymous_0)
FN:12,(anonymous_1)
FNF:2
FNH:0
FNDA:0,(anonymous_0)
FNDA:0,(anonymous_1)
DA:9,1
DA:10,0
DA:12,0
DA:13,0
DA:16,0
DA:45,1
LF:6
LH:2
BRDA:21,0,0,0
BRDA:21,0,1,0
BRF:2
BRH:0
end_of_record
TN:
SF:src/presentation/screens/DocumentAddScreen.tsx
FN:9,(anonymous_0)
FN:20,(anonymous_1)
FN:34,(anonymous_2)
FN:46,(anonymous_3)
FN:65,(anonymous_4)
FNF:5
FNH:0
FNDA:0,(anonymous_0)
FNDA:0,(anonymous_1)
FNDA:0,(anonymous_2)
FNDA:0,(anonymous_3)
FNDA:0,(anonymous_4)
DA:9,1
DA:10,0
DA:11,0
DA:13,0
DA:14,0
DA:15,0
DA:16,0
DA:17,0
DA:18,0
DA:20,0
DA:21,0
DA:28,0
DA:29,0
DA:30,0
DA:34,0
DA:35,0
DA:36,0
DA:37,0
DA:38,0
DA:39,0
DA:42,0
DA:46,0
DA:47,0
DA:48,0
DA:49,0
DA:50,0
DA:56,0
DA:58,0
DA:62,0
DA:65,0
DA:150,1
LF:31
LH:2
BRDA:28,0,0,0
BRDA:28,0,1,0
BRDA:30,1,0,0
BRDA:30,1,1,0
BRDA:35,2,0,0
BRDA:35,2,1,0
BRDA:37,3,0,0
BRDA:37,3,1,0
BRDA:47,4,0,0
BRDA:47,4,1,0
BRDA:52,5,0,0
BRDA:52,5,1,0
BRDA:53,6,0,0
BRDA:53,6,1,0
BRDA:53,7,0,0
BRDA:53,7,1,0
BRDA:67,8,0,0
BRDA:67,8,1,0
BRDA:67,8,2,0
BRDA:91,9,0,0
BRDA:91,9,1,0
BRDA:103,10,0,0
BRDA:103,10,1,0
BRDA:108,11,0,0
BRDA:108,11,1,0
BRDA:117,12,0,0
BRDA:117,12,1,0
BRDA:120,13,0,0
BRDA:120,13,1,0
BRDA:122,14,0,0
BRDA:122,14,1,0
BRDA:123,15,0,0
BRDA:123,15,1,0
BRDA:124,16,0,0
BRDA:124,16,1,0
BRDA:126,17,0,0
BRDA:126,17,1,0
BRDA:134,18,0,0
BRDA:134,18,1,0
BRDA:134,18,2,0
BRDA:141,19,0,0
BRDA:141,19,1,0
BRDA:141,19,2,0
BRF:43
BRH:0
end_of_record
TN:
SF:src/presentation/screens/DocumentDetailScreen.tsx
FN:8,(anonymous_0)
FN:16,(anonymous_1)
FN:30,(anonymous_2)
FN:39,(anonymous_3)
FN:51,(anonymous_4)
FN:63,(anonymous_5)
FNF:6
FNH:0
FNDA:0,(anonymous_0)
FNDA:0,(anonymous_1)
FNDA:0,(anonymous_2)
FNDA:0,(anonymous_3)
FNDA:0,(anonymous_4)
FNDA:0,(anonymous_5)
DA:8,1
DA:9,0
DA:10,0
DA:11,0
DA:12,0
DA:14,0
DA:16,0
DA:17,0
DA:20,0
DA:22,0
DA:23,0
DA:30,0
DA:31,0
DA:32,0
DA:33,0
DA:36,0
DA:39,0
DA:52,0
DA:64,0
DA:96,1
LF:20
LH:2
BRDA:22,0,0,0
BRDA:22,0,1,0
BRDA:31,1,0,0
BRDA:31,1,1,0
BRDA:47,2,0,0
BRDA:47,2,1,0
BRDA:49,3,0,0
BRDA:49,3,1,0
BRDA:66,4,0,0
BRDA:66,4,1,0
BRDA:69,5,0,0
BRDA:69,5,1,0
BRDA:74,6,0,0
BRDA:74,6,1,0
BRDA:80,7,0,0
BRDA:80,7,1,0
BRF:16
BRH:0
end_of_record
TN:
SF:src/presentation/screens/DocumentListScreen.tsx
FN:9,(anonymous_0)
FN:14,(anonymous_1)
FN:18,(anonymous_2)
FN:20,(anonymous_3)
FN:23,(anonymous_4)
FN:27,(anonymous_5)
FN:28,(anonymous_6)
FN:58,(anonymous_7)
FN:59,(anonymous_8)
FN:66,(anonymous_9)
FNF:10
FNH:0
FNDA:0,(anonymous_0)
FNDA:0,(anonymous_1)
FNDA:0,(anonymous_2)
FNDA:0,(anonymous_3)
FNDA:0,(anonymous_4)
FNDA:0,(anonymous_5)
FNDA:0,(anonymous_6)
FNDA:0,(anonymous_7)
FNDA:0,(anonymous_8)
FNDA:0,(anonymous_9)
DA:9,1
DA:10,0
DA:11,0
DA:12,0
DA:14,0
DA:15,0
DA:18,0
DA:19,0
DA:20,0
DA:23,0
DA:24,0
DA:27,0
DA:29,0
DA:30,0
DA:35,0
DA:58,0
DA:59,0
DA:66,0
DA:72,1
LF:19
LH:2
BRDA:19,0,0,0
BRDA:19,0,1,0
BRDA:27,1,0,0
BRDA:27,1,1,0
BRDA:48,2,0,0
BRDA:48,2,1,0
BRDA:50,3,0,0
BRDA:50,3,1,0
BRDA:50,4,0,0
BRDA:50,4,1,0
BRF:10
BRH:0
end_of_record
TN:
SF:src/presentation/screens/PasswordAddScreen.tsx
FN:9,(anonymous_0)
FN:20,(anonymous_1)
FN:45,(anonymous_2)
FNF:3
FNH:0
FNDA:0,(anonymous_0)
FNDA:0,(anonymous_1)
FNDA:0,(anonymous_2)
DA:9,1
DA:10,0
DA:11,0
DA:13,0
DA:14,0
DA:15,0
DA:16,0
DA:17,0
DA:18,0
DA:20,0
DA:21,0
DA:23,0
DA:24,0
DA:25,0
DA:33,0
DA:35,0
DA:38,0
DA:42,0
DA:45,0
DA:101,1
LF:20
LH:2
BRDA:21,0,0,0
BRDA:21,0,1,0
BRDA:21,1,0,0
BRDA:21,1,1,0
BRDA:21,1,2,0
BRDA:29,2,0,0
BRDA:29,2,1,0
BRDA:30,3,0,0
BRDA:30,3,1,0
BRDA:91,4,0,0
BRDA:91,4,1,0
BRDA:91,4,2,0
BRDA:91,4,3,0
BRF:13
BRH:0
end_of_record
TN:
SF:src/presentation/screens/PasswordDetailScreen.tsx
FN:10,(anonymous_0)
FN:16,(anonymous_1)
FN:24,(anonymous_2)
FN:34,(anonymous_3)
FN:42,(anonymous_4)
FN:44,(anonymous_5)
FN:52,(anonymous_6)
FN:66,(anonymous_7)
FN:70,(anonymous_8)
FN:83,(anonymous_9)
FN:100,(anonymous_10)
FNF:11
FNH:0
FNDA:0,(anonymous_0)
FNDA:0,(anonymous_1)
FNDA:0,(anonymous_2)
FNDA:0,(anonymous_3)
FNDA:0,(anonymous_4)
FNDA:0,(anonymous_5)
FNDA:0,(anonymous_6)
FNDA:0,(anonymous_7)
FNDA:0,(anonymous_8)
FNDA:0,(anonymous_9)
FNDA:0,(anonymous_10)
DA:10,1
DA:11,0
DA:12,0
DA:13,0
DA:14,0
DA:16,0
DA:17,0
DA:18,0
DA:20,0
DA:21,0
DA:24,0
DA:34,0
DA:35,0
DA:36,0
DA:39,0
DA:42,0
DA:44,0
DA:52,0
DA:66,0
DA:70,0
DA:83,0
DA:100,0
DA:109,1
LF:23
LH:2
BRDA:20,0,0,0
BRDA:20,0,1,0
BRDA:61,1,0,0
BRDA:61,1,1,0
BRDA:65,2,0,0
BRDA:65,2,1,0
BRDA:77,3,0,0
BRDA:77,3,1,0
BRDA:90,4,0,0
BRDA:90,4,1,0
BRF:10
BRH:0
end_of_record
TN:
SF:src/presentation/screens/PasswordListScreen.tsx
FN:10,(anonymous_0)
FN:16,(anonymous_1)
FN:21,(anonymous_2)
FN:28,(anonymous_3)
FN:70,(anonymous_4)
FN:71,(anonymous_5)
FN:72,(anonymous_6)
FN:88,(anonymous_7)
FN:89,(anonymous_8)
FN:93,(anonymous_9)
FN:94,(anonymous_10)
FN:103,(anonymous_11)
FNF:12
FNH:0
FNDA:0,(anonymous_0)
FNDA:0,(anonymous_1)
FNDA:0,(anonymous_2)
FNDA:0,(anonymous_3)
FNDA:0,(anonymous_4)
FNDA:0,(anonymous_5)
FNDA:0,(anonymous_6)
FNDA:0,(anonymous_7)
FNDA:0,(anonymous_8)
FNDA:0,(anonymous_9)
FNDA:0,(anonymous_10)
FNDA:0,(anonymous_11)
DA:10,1
DA:11,0
DA:12,0
DA:13,0
DA:14,0
DA:16,0
DA:18,0
DA:21,0
DA:22,0
DA:23,0
DA:24,0
DA:28,0
DA:29,0
DA:33,0
DA:34,0
DA:42,0
DA:43,0
DA:66,0
DA:70,0
DA:71,0
DA:72,0
DA:88,0
DA:90,0
DA:93,0
DA:94,0
DA:103,0
DA:109,1
LF:27
LH:2
BRDA:23,0,0,0
BRDA:23,0,1,0
BRDA:29,1,0,0
BRDA:29,1,1,0
BRDA:29,1,2,0
BRDA:33,2,0,0
BRDA:33,2,1,0
BRDA:42,3,0,0
BRDA:42,3,1,0
BRDA:60,4,0,0
BRDA:60,4,1,0
BRF:11
BRH:0
end_of_record
TN:
SF:src/presentation/screens/SettingsScreen.tsx
FN:8,(anonymous_0)
FN:23,(anonymous_1)
FN:27,(anonymous_2)
FN:35,(anonymous_3)
FN:42,(anonymous_4)
FN:53,(anonymous_5)
FN:72,(anonymous_6)
FNF:7
FNH:0
FNDA:0,(anonymous_0)
FNDA:0,(anonymous_1)
FNDA:0,(anonymous_2)
FNDA:0,(anonymous_3)
FNDA:0,(anonymous_4)
FNDA:0,(anonymous_5)
FNDA:0,(anonymous_6)
DA:8,1
DA:9,0
DA:10,0
DA:20,0
DA:21,0
DA:23,0
DA:24,0
DA:27,0
DA:28,0
DA:29,0
DA:30,0
DA:31,0
DA:35,0
DA:36,0
DA:39,0
DA:42,0
DA:53,0
DA:72,0
DA:120,1
LF:19
LH:2
BRDA:28,0,0,0
BRDA:28,0,1,0
BRDA:57,1,0,0
BRDA:57,1,1,0
BRDA:61,2,0,0
BRDA:61,2,1,0
BRDA:63,3,0,0
BRDA:63,3,1,0
BRDA:75,4,0,0
BRDA:75,4,1,0
BRDA:75,5,0,0
BRDA:75,5,1,0
BRDA:78,6,0,0
BRDA:78,6,1,0
BRDA:103,7,0,0
BRDA:103,7,1,0
BRF:16
BRH:0
end_of_record
TN:
SF:src/state/RootStore.ts
FN:27,(anonymous_0)
FN:41,(anonymous_1)
FN:42,(anonymous_2)
FN:43,(anonymous_3)
FN:46,(anonymous_4)
FN:47,(anonymous_5)
FN:48,(anonymous_6)
FNF:7
FNH:7
FNDA:1,(anonymous_0)
FNDA:1,(anonymous_1)
FNDA:1,(anonymous_2)
FNDA:1,(anonymous_3)
FNDA:1,(anonymous_4)
FNDA:1,(anonymous_5)
FNDA:1,(anonymous_6)
DA:28,1
DA:31,1
DA:32,1
DA:33,1
DA:36,1
DA:37,1
DA:38,1
DA:41,1
DA:42,1
DA:43,1
DA:46,1
DA:47,1
DA:48,1
DA:51,1
DA:54,1
DA:55,1
DA:57,1
DA:58,1
DA:61,1
DA:62,1
DA:67,1
LF:21
LH:21
BRF:0
BRH:0
end_of_record
TN:
SF:src/state/StoreContext.tsx
FN:8,(anonymous_0)
FN:21,(anonymous_1)
FNF:2
FNH:2
FNDA:1,(anonymous_0)
FNDA:3,(anonymous_1)
DA:6,1
DA:8,1
DA:10,1
DA:11,1
DA:14,1
DA:21,1
DA:22,3
DA:23,3
DA:24,0
DA:26,3
LF:10
LH:9
BRDA:10,0,0,1
BRDA:10,0,1,0
BRDA:23,1,0,0
BRDA:23,1,1,3
BRF:4
BRH:2
end_of_record
TN:
SF:src/state/stores/AuthStore.ts
FN:10,(anonymous_0)
FN:14,(anonymous_1)
FN:19,(anonymous_2)
FN:24,(anonymous_3)
FN:32,(anonymous_4)
FN:36,(anonymous_5)
FN:41,(anonymous_6)
FNF:7
FNH:6
FNDA:4,(anonymous_0)
FNDA:2,(anonymous_1)
FNDA:1,(anonymous_2)
FNDA:1,(anonymous_3)
FNDA:1,(anonymous_4)
FNDA:1,(anonymous_5)
FNDA:0,(anonymous_6)
DA:6,4
DA:7,4
DA:8,4
DA:11,4
DA:15,2
DA:16,2
DA:17,2
DA:18,2
DA:19,1
DA:20,1
DA:21,1
DA:24,1
DA:25,1
DA:26,1
DA:28,1
DA:33,1
DA:34,1
DA:35,1
DA:36,1
DA:37,1
DA:38,1
DA:41,0
DA:42,0
DA:43,0
DA:45,0
LF:25
LH:21
BRDA:25,0,0,1
BRDA:25,0,1,0
BRDA:42,1,0,0
BRDA:42,1,1,0
BRF:4
BRH:1
end_of_record
TN:
SF:src/state/stores/DocumentStore.ts
FN:16,(anonymous_0)
FN:25,(anonymous_1)
FN:29,(anonymous_2)
FN:35,(anonymous_3)
FN:39,(anonymous_4)
FN:45,(anonymous_5)
FN:49,(anonymous_6)
FN:56,(anonymous_7)
FN:61,(anonymous_8)
FN:67,(anonymous_9)
FN:68,(anonymous_10)
FN:75,(anonymous_11)
FN:87,(anonymous_12)
FN:92,(anonymous_13)
FN:98,(anonymous_14)
FN:101,(anonymous_15)
FN:107,(anonymous_16)
FN:114,(anonymous_17)
FN:118,(anonymous_18)
FN:129,(anonymous_19)
FN:134,(anonymous_20)
FNF:21
FNH:9
FNDA:4,(anonymous_0)
FNDA:0,(anonymous_1)
FNDA:0,(anonymous_2)
FNDA:0,(anonymous_3)
FNDA:0,(anonymous_4)
FNDA:3,(anonymous_5)
FNDA:3,(anonymous_6)
FNDA:0,(anonymous_7)
FNDA:3,(anonymous_8)
FNDA:0,(anonymous_9)
FNDA:0,(anonymous_10)
FNDA:0,(anonymous_11)
FNDA:0,(anonymous_12)
FNDA:0,(anonymous_13)
FNDA:1,(anonymous_14)
FNDA:1,(anonymous_15)
FNDA:0,(anonymous_16)
FNDA:1,(anonymous_17)
FNDA:1,(anonymous_18)
FNDA:0,(anonymous_19)
FNDA:1,(anonymous_20)
DA:9,4
DA:10,4
DA:11,4
DA:12,4
DA:13,4
DA:14,4
DA:22,4
DA:26,0
DA:27,0
DA:28,0
DA:29,0
DA:30,0
DA:31,0
DA:34,0
DA:35,0
DA:36,0
DA:39,0
DA:40,0
DA:46,3
DA:47,3
DA:48,3
DA:49,3
DA:50,3
DA:51,3
DA:53,3
DA:55,0
DA:56,0
DA:57,0
DA:59,0
DA:61,3
DA:62,3
DA:68,0
DA:69,0
DA:70,0
DA:71,0
DA:76,0
DA:78,0
DA:80,0
DA:81,0
DA:87,0
DA:88,0
DA:91,0
DA:92,0
DA:93,0
DA:99,1
DA:100,1
DA:101,1
DA:102,1
DA:103,1
DA:106,0
DA:107,0
DA:108,0
DA:109,0
DA:115,1
DA:116,1
DA:117,1
DA:118,1
DA:119,1
DA:122,1
DA:124,1
DA:125,1
DA:128,0
DA:129,0
DA:130,0
DA:132,0
DA:134,1
DA:135,1
LF:67
LH:31
BRDA:69,0,0,0
BRDA:69,0,1,0
BRDA:76,1,0,0
BRDA:76,1,1,0
BRDA:122,2,0,0
BRDA:122,2,1,1
BRF:6
BRH:1
end_of_record
TN:
SF:src/state/stores/PasswordStore.ts
FN:21,(anonymous_0)
FN:29,(anonymous_1)
FN:33,(anonymous_2)
FN:60,(anonymous_3)
FN:65,(anonymous_4)
FN:72,(anonymous_5)
FN:77,(anonymous_6)
FN:89,(anonymous_7)
FN:95,(anonymous_8)
FN:100,(anonymous_9)
FN:105,(anonymous_10)
FN:109,(anonymous_11)
FN:115,(anonymous_12)
FN:126,(anonymous_13)
FN:130,(anonymous_14)
FN:136,(anonymous_15)
FNF:16
FNH:13
FNDA:7,(anonymous_0)
FNDA:2,(anonymous_1)
FNDA:3,(anonymous_2)
FNDA:0,(anonymous_3)
FNDA:3,(anonymous_4)
FNDA:2,(anonymous_5)
FNDA:1,(anonymous_6)
FNDA:2,(anonymous_7)
FNDA:5,(anonymous_8)
FNDA:5,(anonymous_9)
FNDA:0,(anonymous_10)
FNDA:5,(anonymous_11)
FNDA:1,(anonymous_12)
FNDA:0,(anonymous_13)
FNDA:1,(anonymous_14)
FNDA:1,(anonymous_15)
DA:15,7
DA:16,7
DA:17,7
DA:18,7
DA:19,7
DA:26,7
DA:30,2
DA:34,3
DA:35,3
DA:36,3
DA:54,3
DA:55,3
DA:56,3
DA:57,3
DA:59,0
DA:60,0
DA:61,0
DA:63,0
DA:65,3
DA:66,3
DA:73,2
DA:74,2
DA:75,2
DA:76,2
DA:77,1
DA:78,1
DA:79,1
DA:81,1
DA:82,1
DA:84,1
DA:86,0
DA:87,0
DA:89,2
DA:90,2
DA:96,5
DA:97,5
DA:98,5
DA:99,5
DA:100,5
DA:101,5
DA:104,0
DA:105,0
DA:106,0
DA:109,5
DA:110,5
DA:116,1
DA:117,0
DA:118,0
DA:120,1
DA:121,1
DA:122,1
DA:123,1
DA:125,0
DA:126,0
DA:127,0
DA:130,1
DA:131,1
DA:137,1
DA:138,1
DA:139,1
LF:60
LH:46
BRDA:76,0,0,1
BRDA:76,0,1,1
BRDA:96,1,0,0
BRDA:96,1,1,5
BRDA:116,2,0,0
BRDA:116,2,1,1
BRF:6
BRH:4
end_of_record
TN:
SF:src/state/stores/SettingsStore.ts
FN:14,(anonymous_0)
FN:18,(anonymous_1)
FN:25,(anonymous_2)
FN:46,(anonymous_3)
FN:53,(anonymous_4)
FN:59,(anonymous_5)
FN:64,(anonymous_6)
FN:68,(anonymous_7)
FN:77,(anonymous_8)
FN:89,(anonymous_9)
FNF:10
FNH:9
FNDA:5,(anonymous_0)
FNDA:2,(anonymous_1)
FNDA:1,(anonymous_2)
FNDA:2,(anonymous_3)
FNDA:2,(anonymous_4)
FNDA:3,(anonymous_5)
FNDA:2,(anonymous_6)
FNDA:1,(anonymous_7)
FNDA:1,(anonymous_8)
FNDA:0,(anonymous_9)
DA:6,2
DA:7,2
DA:10,5
DA:11,5
DA:12,5
DA:15,5
DA:19,2
DA:20,2
DA:22,2
DA:23,2
DA:24,1
DA:25,1
DA:26,1
DA:45,2
DA:46,2
DA:47,2
DA:51,0
DA:53,2
DA:54,2
DA:60,3
DA:61,3
DA:65,2
DA:66,2
DA:67,1
DA:68,1
DA:69,1
DA:71,1
DA:73,1
DA:76,1
DA:77,1
DA:78,1
DA:79,1
DA:81,1
DA:84,0
DA:85,0
DA:90,0
LF:36
LH:32
BRDA:23,0,0,1
BRDA:23,0,1,1
BRDA:66,1,0,1
BRDA:66,1,1,1
BRF:4
BRH:4
end_of_record
